\BOOKMARK [1][-]{section*.2}{\376\377\000F\000o\000r\000e\000w\000o\000r\000d}{}% 1
\BOOKMARK [1][-]{section*.10}{\376\377\000I\000n\000t\000r\000o\000d\000u\000c\000t\000i\000o\000n}{}% 2
\BOOKMARK [1][-]{section*.11}{\376\377\000V\000i\000e\000t\000n\000a\000m}{}% 3
\BOOKMARK [2][-]{section*.12}{\376\377\000C\000o\000n\000t\000e\000x\000t}{section*.11}% 4
\BOOKMARK [2][-]{section*.13}{\376\377\000G\000e\000n\000e\000s\000i\000s}{section*.11}% 5
\BOOKMARK [2][-]{section*.14}{\376\377\000E\000x\000p\000a\000n\000s\000i\000o\000n}{section*.11}% 6
\BOOKMARK [2][-]{section*.15}{\376\377\000I\000n\000t\000e\000r\000n\000a\000t\000i\000o\000n\000a\000l\000\040\000M\000e\000l\000t\000i\000n\000g\000\040\000P\000o\000t}{section*.11}% 7
\BOOKMARK [1][-]{section*.16}{\376\377\000T\000h\000e\000\040\000R\000e\000t\000u\000r\000n}{}% 8
\BOOKMARK [2][-]{section*.17}{\376\377\000M\000a\000n\000u\000f\000a\000c\000t\000u\000r\000e\000r\000s}{section*.16}% 9
\BOOKMARK [2][-]{section*.21}{\376\377\000R\000e\000x\000\040\000A\000p\000p\000l\000e\000g\000a\000t\000e}{section*.16}% 10
\BOOKMARK [2][-]{section*.22}{\376\377\000N\000e\000w\000s\000\040\000M\000e\000d\000i\000a\000\040\000P\000r\000o\000p\000a\000g\000a\000n\000d\000a}{section*.16}% 11
\BOOKMARK [2][-]{section*.24}{\376\377\000C\000o\000m\000i\000n\000g\000\040\000t\000o\000\040\000Y\000o\000u\000r\000\040\000T\000o\000w\000n\000\040\000S\000o\000o\000n\000!}{section*.16}% 12
\BOOKMARK [2][-]{section*.30}{\376\377\000C\000r\000o\000s\000s\000i\000n\000g\000\040\000t\000o\000\040\000C\000a\000n\000a\000d\000a}{section*.16}% 13
\BOOKMARK [1][-]{section*.31}{\376\377\000T\000h\000e\000\040\0001\0009\0006\0008\000\040\000C\000o\000n\000v\000e\000n\000t\000i\000o\000n\000s}{}% 14
\BOOKMARK [2][-]{section*.32}{\376\377\000M\000i\000a\000m\000i\000,\000\040\000A\000u\000g\000u\000s\000t\000\040\0008}{section*.31}% 15
\BOOKMARK [2][-]{section*.33}{\376\377\000C\000h\000i\000c\000a\000g\000o\000,\000\040\000A\000u\000g\000u\000s\000t\000\040\0002\0006\000\040\000-\000\040\0002\0009}{section*.31}% 16
\BOOKMARK [2][-]{section*.34}{\376\377\000B\000e\000r\000k\000e\000l\000e\000y\000,\000\040\000A\000u\000g\000u\000s\000t\000\040\0003\0001}{section*.31}% 17
\BOOKMARK [1][-]{section*.35}{\376\377\000U\000n\000i\000v\000e\000r\000s\000i\000t\000y\000\040\000C\000i\000t\000i\000e\000s}{}% 18
\BOOKMARK [2][-]{section*.36}{\376\377\000D\000u\000r\000h\000a\000m}{section*.35}% 19
\BOOKMARK [2][-]{section*.37}{\376\377\000B\000e\000r\000k\000e\000l\000e\000y}{section*.35}% 20
\BOOKMARK [2][-]{section*.38}{\376\377\000S\000e\000a\000t\000t\000l\000e}{section*.35}% 21
\BOOKMARK [2][-]{section*.39}{\376\377\000C\000o\000l\000l\000e\000g\000e\000\040\000P\000a\000r\000k}{section*.35}% 22
\BOOKMARK [2][-]{section*.40}{\376\377\000I\000o\000w\000a\000\040\000C\000i\000t\000y}{section*.35}% 23
\BOOKMARK [2][-]{section*.41}{\376\377\000M\000i\000n\000n\000e\000a\000p\000o\000l\000i\000s}{section*.35}% 24
\BOOKMARK [2][-]{section*.42}{\376\377\000G\000a\000i\000n\000e\000s\000v\000i\000l\000l\000e}{section*.35}% 25
\BOOKMARK [1][-]{section*.43}{\376\377\000H\000i\000g\000h\000\040\000S\000c\000h\000o\000o\000l\000s}{}% 26
\BOOKMARK [2][-]{section*.44}{\376\377\000S\000a\000n\000\040\000G\000o\000r\000d\000o\000n\000i\000o}{section*.43}% 27
\BOOKMARK [2][-]{section*.45}{\376\377\000L\000a\000w\000r\000e\000n\000c\000e}{section*.43}% 28
\BOOKMARK [1][-]{section*.46}{\376\377\000R\000a\000c\000i\000a\000l\000\040\000J\000u\000s\000t\000i\000c\000e}{}% 29
\BOOKMARK [2][-]{section*.47}{\376\377\000D\000a\000n\000v\000i\000l\000l\000e}{section*.46}% 30
\BOOKMARK [2][-]{section*.48}{\376\377\000P\000o\000r\000t\000l\000a\000n\000d\000\040\000O\000R}{section*.46}% 31
\BOOKMARK [1][-]{section*.51}{\376\377\000L\000a\000b\000o\000r}{}% 32
\BOOKMARK [1][-]{section*.53}{\376\377\000C\000e\000l\000e\000b\000r\000a\000t\000i\000o\000n\000s}{}% 33
\BOOKMARK [1][-]{section*.56}{\376\377\000T\000h\000e\000\040\000C\000a\000r\000c\000e\000r\000a\000l\000\040\000S\000y\000s\000t\000e\000m}{}% 34
\BOOKMARK [2][-]{section*.57}{\376\377\000B\000i\000g\000\040\000M\000a\000c}{section*.56}% 35
\BOOKMARK [2][-]{section*.58}{\376\377\000U\000n\000i\000o\000n\000\040\000C\000o\000r\000r\000e\000c\000t\000i\000o\000n\000a\000l}{section*.56}% 36
\BOOKMARK [2][-]{section*.59}{\376\377\000D\000a\000d\000e\000\040\000C\000o\000u\000n\000t\000y}{section*.56}% 37
\BOOKMARK [1][-]{section*.60}{\376\377\000A\000c\000c\000i\000d\000e\000n\000t\000s}{}% 38
\BOOKMARK [1][-]{section*.62}{\376\377\000B\000o\000r\000d\000e\000r\000\040\000P\000a\000t\000r\000o\000l\000:\000\040\000A\000\040\000S\000e\000c\000o\000n\000d\000\040\000B\000o\000o\000m\000e\000r\000a\000n\000g\000i\000n\000g}{}% 39
\BOOKMARK [1][-]{section*.65}{\376\377\000T\000h\000e\000\040\000S\000c\000i\000e\000n\000c\000e\000\040\000o\000f\000\040\000T\000h\000e\000r\000m\000a\000l\000\040\000F\000o\000g\000g\000i\000n\000g}{}% 40
\BOOKMARK [1][-]{section*.66}{\376\377\000R\000e\000f\000e\000r\000e\000n\000c\000e\000s}{}% 41
