This is XeTeX, Version 3.141592653-2.6-0.999993 (TeX Live 2021/W32TeX) (preloaded format=xelatex 2021.6.25)  27 JUN 2021 16:04
entering extended mode
 restricted \write18 enabled.
 %&-line parsing enabled.
**_main.tex
(./_main.tex
LaTeX2e <2021-06-01> patch level 1
L3 programming layer <2021-06-18> (./krantz.cls
Document Class: krantz 2005/09/16 v1.4f Standard LaTeX document class
(c:/Users/dappe/AppData/Roaming/TinyTeX/texmf-dist/tex/latex/base/bk11.clo
File: bk11.clo 2021/02/12 v1.4n Standard LaTeX file (size option)
)
\trimheight=\dimen138
\trimwidth=\dimen139
\normaltextheight=\dimen140
\tempa=\dimen141
\tempdimen=\dimen142
\htrim=\dimen143
\vtrimtop=\dimen144
\vtrimbot=\dimen145
\ul@box=\box50
\ur@box=\box51
\ll@box=\box52
\lr@box=\box53
\@cipboxa=\box54
\@cipboxb=\box55
\@ciprulewidth=\dimen146
\c@part=\count178
\c@chapter=\count179
\c@section=\count180
\c@subsection=\count181
\c@subsubsection=\count182
\c@paragraph=\count183
\c@subparagraph=\count184
\secwd=\dimen147
\subsecwd=\dimen148
\subsubsecwd=\dimen149
\c@figure=\count185
\c@table=\count186
\abovecaptionskip=\skip47
\belowcaptionskip=\skip48
\c@numauthors=\count187
\section@toc@skip=\skip49
\SectionTOCWidth=\skip50
\subsection@toc@skip=\skip51
\SubSectionTOCWidth=\skip52
\subsubsection@toc@skip=\skip53
\SubSubSectionTOCWidth=\skip54
\paragraph@toc@skip=\skip55
\ParagraphTOCWidth=\skip56
\subparagraph@toc@skip=\skip57
\@AUonebox=\box56
\@AUtwobox=\box57
\@AUthreebox=\box58
\@AUfourbox=\box59
\@AUaffonebox=\box60
\@AUafftwobox=\box61
\@AUaffthreebox=\box62
\@AUafffourbox=\box63
\@finalAUboxfromone=\box64
\@finalAUboxfromtwo=\box65
\@finalAUboxfromthree=\box66
\@finalAUboxfromfour=\box67
\c@chaptocdepth=\count188
\bibindent=\dimen150
\tempbox=\box68
\nomenwidth=\dimen151
\@tablebox=\box69
\@tabletitlebox=\box70
\@tablewidth=\dimen152
\@tabletitlewidth=\dimen153
\max@tablewidth=\dimen154
\tempbox=\box71
\tempdimen=\dimen155
\tempbox=\box72
\notewidth=\dimen156
\wherebox=\box73
\wherewidth=\dimen157
\listtextleftmargin=\skip58
\listtextleftmarginii=\skip59
\listtextleftmarginiii=\skip60
\listtextrightmargin=\skip61
\listlabelleftskip=\skip62
\listlabelleftskipii=\skip63
\listlabelleftskipiii=\skip64
\abovelistskipi=\skip65
\belowlistskipi=\skip66
\abovelistskipii=\skip67
\belowlistskipii=\skip68
\abovelistskipiii=\skip69
\belowlistskipiii=\skip70
\labelsepi=\skip71
\labelsepii=\skip72
\labelsepiii=\skip73
\itemsepi=\skip74
\itemsepii=\skip75
\itemsepiii=\skip76
\enumdimwd=\dimen158
\enumdim=\dimen159
\concolwidth=\dimen160
\stempbox=\box74
)
(c:/Users/dappe/AppData/Roaming/TinyTeX/texmf-dist/tex/latex/etoolbox/etoolbox.
sty
Package: etoolbox 2020/10/05 v2.5k e-TeX tools for LaTeX (JAW)
\etb@tempcnta=\count189
)
(c:/Users/dappe/AppData/Roaming/TinyTeX/texmf-dist/tex/latex/amsmath/amsmath.st
y
Package: amsmath 2021/04/20 v2.17j AMS math features
\@mathmargin=\skip77
For additional information on amsmath, use the `?' option.

(c:/Users/dappe/AppData/Roaming/TinyTeX/texmf-dist/tex/latex/amsmath/amstext.st
y
Package: amstext 2000/06/29 v2.01 AMS text

(c:/Users/dappe/AppData/Roaming/TinyTeX/texmf-dist/tex/latex/amsmath/amsgen.sty
File: amsgen.sty 1999/11/30 v2.0 generic functions
\@emptytoks=\toks16
\ex@=\dimen161
))
(c:/Users/dappe/AppData/Roaming/TinyTeX/texmf-dist/tex/latex/amsmath/amsbsy.sty
Package: amsbsy 1999/11/29 v1.2d Bold Symbols
\pmbraise@=\dimen162
)
(c:/Users/dappe/AppData/Roaming/TinyTeX/texmf-dist/tex/latex/amsmath/amsopn.sty
Package: amsopn 2016/03/08 v2.02 operator names
)
\inf@bad=\count190
LaTeX Info: Redefining \frac on input line 234.
\uproot@=\count191
\leftroot@=\count192
LaTeX Info: Redefining \overline on input line 399.
\classnum@=\count193
\DOTSCASE@=\count194
LaTeX Info: Redefining \ldots on input line 496.
LaTeX Info: Redefining \dots on input line 499.
LaTeX Info: Redefining \cdots on input line 620.
\Mathstrutbox@=\box75
\strutbox@=\box76
\big@size=\dimen163
LaTeX Font Info:    Redeclaring font encoding OML on input line 743.
LaTeX Font Info:    Redeclaring font encoding OMS on input line 744.
\macc@depth=\count195
\c@MaxMatrixCols=\count196
\dotsspace@=\muskip16
\c@parentequation=\count197
\dspbrk@lvl=\count198
\tag@help=\toks17
\row@=\count199
\column@=\count266
\maxfields@=\count267
\andhelp@=\toks18
\eqnshift@=\dimen164
\alignsep@=\dimen165
\tagshift@=\dimen166
\tagwidth@=\dimen167
\totwidth@=\dimen168
\lineht@=\dimen169
\@envbody=\toks19
\multlinegap=\skip78
\multlinetaggap=\skip79
\mathdisplay@stack=\toks20
LaTeX Info: Redefining \[ on input line 2923.
LaTeX Info: Redefining \] on input line 2924.
)
(c:/Users/dappe/AppData/Roaming/TinyTeX/texmf-dist/tex/latex/amsfonts/amssymb.s
ty
Package: amssymb 2013/01/14 v3.01 AMS font symbols

(c:/Users/dappe/AppData/Roaming/TinyTeX/texmf-dist/tex/latex/amsfonts/amsfonts.
sty
Package: amsfonts 2013/01/14 v3.01 Basic AMSFonts support
\symAMSa=\mathgroup4
\symAMSb=\mathgroup5
LaTeX Font Info:    Redeclaring math symbol \hbar on input line 98.
LaTeX Font Info:    Overwriting math alphabet `\mathfrak' in version `bold'
(Font)                  U/euf/m/n --> U/euf/b/n on input line 106.
)) (c:/Users/dappe/AppData/Roaming/TinyTeX/texmf-dist/tex/latex/lm/lmodern.sty
Package: lmodern 2015/05/01 v1.6.1 Latin Modern Fonts
LaTeX Font Info:    Overwriting symbol font `operators' in version `normal'
(Font)                  OT1/cmr/m/n --> OT1/lmr/m/n on input line 22.
LaTeX Font Info:    Overwriting symbol font `letters' in version `normal'
(Font)                  OML/cmm/m/it --> OML/lmm/m/it on input line 23.
LaTeX Font Info:    Overwriting symbol font `symbols' in version `normal'
(Font)                  OMS/cmsy/m/n --> OMS/lmsy/m/n on input line 24.
LaTeX Font Info:    Overwriting symbol font `largesymbols' in version `normal'
(Font)                  OMX/cmex/m/n --> OMX/lmex/m/n on input line 25.
LaTeX Font Info:    Overwriting symbol font `operators' in version `bold'
(Font)                  OT1/cmr/bx/n --> OT1/lmr/bx/n on input line 26.
LaTeX Font Info:    Overwriting symbol font `letters' in version `bold'
(Font)                  OML/cmm/b/it --> OML/lmm/b/it on input line 27.
LaTeX Font Info:    Overwriting symbol font `symbols' in version `bold'
(Font)                  OMS/cmsy/b/n --> OMS/lmsy/b/n on input line 28.
LaTeX Font Info:    Overwriting symbol font `largesymbols' in version `bold'
(Font)                  OMX/cmex/m/n --> OMX/lmex/m/n on input line 29.
LaTeX Font Info:    Overwriting math alphabet `\mathbf' in version `normal'
(Font)                  OT1/cmr/bx/n --> OT1/lmr/bx/n on input line 31.
LaTeX Font Info:    Overwriting math alphabet `\mathsf' in version `normal'
(Font)                  OT1/cmss/m/n --> OT1/lmss/m/n on input line 32.
LaTeX Font Info:    Overwriting math alphabet `\mathit' in version `normal'
(Font)                  OT1/cmr/m/it --> OT1/lmr/m/it on input line 33.
LaTeX Font Info:    Overwriting math alphabet `\mathtt' in version `normal'
(Font)                  OT1/cmtt/m/n --> OT1/lmtt/m/n on input line 34.
LaTeX Font Info:    Overwriting math alphabet `\mathbf' in version `bold'
(Font)                  OT1/cmr/bx/n --> OT1/lmr/bx/n on input line 35.
LaTeX Font Info:    Overwriting math alphabet `\mathsf' in version `bold'
(Font)                  OT1/cmss/bx/n --> OT1/lmss/bx/n on input line 36.
LaTeX Font Info:    Overwriting math alphabet `\mathit' in version `bold'
(Font)                  OT1/cmr/bx/it --> OT1/lmr/bx/it on input line 37.
LaTeX Font Info:    Overwriting math alphabet `\mathtt' in version `bold'
(Font)                  OT1/cmtt/m/n --> OT1/lmtt/m/n on input line 38.
) (c:/Users/dappe/AppData/Roaming/TinyTeX/texmf-dist/tex/generic/iftex/iftex.st
y
Package: iftex 2020/03/06 v1.0d TeX engine tests
)
(c:/Users/dappe/AppData/Roaming/TinyTeX/texmf-dist/tex/latex/unicode-math/unico
de-math.sty
(c:/Users/dappe/AppData/Roaming/TinyTeX/texmf-dist/tex/latex/l3kernel/expl3.sty
Package: expl3 2021-06-18 L3 programming layer (loader) 

(c:/Users/dappe/AppData/Roaming/TinyTeX/texmf-dist/tex/latex/l3backend/l3backen
d-xetex.def
File: l3backend-xetex.def 2021-05-07 L3 backend support: XeTeX
(|extractbb --version)
\c__kernel_sys_dvipdfmx_version_int=\count268
\l__color_backend_stack_int=\count269
\g__color_backend_stack_int=\count270
\g__graphics_track_int=\count271
\l__pdf_internal_box=\box77
\g__pdf_backend_object_int=\count272
\g__pdf_backend_annotation_int=\count273
\g__pdf_backend_link_int=\count274
))
Package: unicode-math 2020/01/31 v0.8q Unicode maths in XeLaTeX and LuaLaTeX

(c:/Users/dappe/AppData/Roaming/TinyTeX/texmf-dist/tex/latex/unicode-math/unico
de-math-xetex.sty
Package: unicode-math-xetex 2020/01/31 v0.8q Unicode maths in XeLaTeX and LuaLa
TeX

(c:/Users/dappe/AppData/Roaming/TinyTeX/texmf-dist/tex/latex/l3packages/xparse/
xparse.sty
Package: xparse 2021-06-18 L3 Experimental document command parser
)
(c:/Users/dappe/AppData/Roaming/TinyTeX/texmf-dist/tex/latex/l3packages/l3keys2
e/l3keys2e.sty
Package: l3keys2e 2021-06-18 LaTeX2e option processing using LaTeX3 keys
)
(c:/Users/dappe/AppData/Roaming/TinyTeX/texmf-dist/tex/latex/fontspec/fontspec.
sty
Package: fontspec 2020/02/21 v2.7i Font selection for XeLaTeX and LuaLaTeX

(c:/Users/dappe/AppData/Roaming/TinyTeX/texmf-dist/tex/latex/fontspec/fontspec-
xetex.sty
Package: fontspec-xetex 2020/02/21 v2.7i Font selection for XeLaTeX and LuaLaTe
X
\l__fontspec_script_int=\count275
\l__fontspec_language_int=\count276
\l__fontspec_strnum_int=\count277
\l__fontspec_tmp_int=\count278
\l__fontspec_tmpa_int=\count279
\l__fontspec_tmpb_int=\count280
\l__fontspec_tmpc_int=\count281
\l__fontspec_em_int=\count282
\l__fontspec_emdef_int=\count283
\l__fontspec_strong_int=\count284
\l__fontspec_strongdef_int=\count285
\l__fontspec_tmpa_dim=\dimen170
\l__fontspec_tmpb_dim=\dimen171
\l__fontspec_tmpc_dim=\dimen172
(c:/Users/dappe/AppData/Roaming/TinyTeX/texmf-dist/tex/latex/base/fontenc.sty
Package: fontenc 2021/04/29 v2.0v Standard LaTeX package
)
(c:/Users/dappe/AppData/Roaming/TinyTeX/texmf-dist/tex/latex/fontspec/fontspec.
cfg))) (c:/Users/dappe/AppData/Roaming/TinyTeX/texmf-dist/tex/latex/base/fix-cm
.sty
Package: fix-cm 2020/11/24 v1.1t fixes to LaTeX
(c:/Users/dappe/AppData/Roaming/TinyTeX/texmf-dist/tex/latex/base/ts1enc.def
File: ts1enc.def 2001/06/05 v3.0e (jk/car/fm) Standard LaTeX file
LaTeX Font Info:    Redeclaring font encoding TS1 on input line 47.
))
\g__um_fam_int=\count286
\g__um_fonts_used_int=\count287
\l__um_primecount_int=\count288
\g__um_primekern_muskip=\muskip17

(c:/Users/dappe/AppData/Roaming/TinyTeX/texmf-dist/tex/latex/unicode-math/unico
de-math-table.tex))) (c:/Users/dappe/AppData/Roaming/TinyTeX/texmf-dist/tex/lat
ex/xcolor/xcolor.sty
Package: xcolor 2016/05/11 v2.12 LaTeX color extensions (UK)

(c:/Users/dappe/AppData/Roaming/TinyTeX/texmf-dist/tex/latex/graphics-cfg/color
.cfg
File: color.cfg 2016/01/02 v1.6 sample color configuration
)
Package xcolor Info: Driver file: xetex.def on input line 225.

(c:/Users/dappe/AppData/Roaming/TinyTeX/texmf-dist/tex/latex/graphics-def/xetex
.def
File: xetex.def 2021/03/18 v5.0k Graphics/color driver for xetex
)
Package xcolor Info: Model `cmy' substituted by `cmy0' on input line 1348.
Package xcolor Info: Model `RGB' extended on input line 1364.
Package xcolor Info: Model `HTML' substituted by `rgb' on input line 1366.
Package xcolor Info: Model `Hsb' substituted by `hsb' on input line 1367.
Package xcolor Info: Model `tHsb' substituted by `hsb' on input line 1368.
Package xcolor Info: Model `HSB' substituted by `hsb' on input line 1369.
Package xcolor Info: Model `Gray' substituted by `gray' on input line 1370.
Package xcolor Info: Model `wave' substituted by `hsb' on input line 1371.

(c:/Users/dappe/AppData/Roaming/TinyTeX/texmf-dist/tex/latex/graphics/dvipsnam.
def
File: dvipsnam.def 2016/06/17 v3.0m Driver-dependent file (DPC,SPQR)
) (c:/Users/dappe/AppData/Roaming/TinyTeX/texmf-dist/tex/latex/xcolor/svgnam.de
f
File: svgnam.def 2016/05/11 v2.12 Predefined colors according to SVG 1.1 (UK)
) (c:/Users/dappe/AppData/Roaming/TinyTeX/texmf-dist/tex/latex/xcolor/x11nam.de
f
File: x11nam.def 2016/05/11 v2.12 Predefined colors according to Unix/X11 (UK)
))
(c:/Users/dappe/AppData/Roaming/TinyTeX/texmf-dist/tex/latex/hyperref/hyperref.
sty
Package: hyperref 2021-06-07 v7.00m Hypertext links for LaTeX

(c:/Users/dappe/AppData/Roaming/TinyTeX/texmf-dist/tex/generic/ltxcmds/ltxcmds.
sty
Package: ltxcmds 2020-05-10 v1.25 LaTeX kernel commands for general use (HO)
)
(c:/Users/dappe/AppData/Roaming/TinyTeX/texmf-dist/tex/generic/pdftexcmds/pdfte
xcmds.sty
Package: pdftexcmds 2020-06-27 v0.33 Utility functions of pdfTeX for LuaTeX (HO
)

(c:/Users/dappe/AppData/Roaming/TinyTeX/texmf-dist/tex/generic/infwarerr/infwar
err.sty
Package: infwarerr 2019/12/03 v1.5 Providing info/warning/error messages (HO)
)
Package pdftexcmds Info: \pdf@primitive is available.
Package pdftexcmds Info: \pdf@ifprimitive is available.
Package pdftexcmds Info: \pdfdraftmode not found.
)
(c:/Users/dappe/AppData/Roaming/TinyTeX/texmf-dist/tex/latex/graphics/keyval.st
y
Package: keyval 2014/10/28 v1.15 key=value parser (DPC)
\KV@toks@=\toks21
)
(c:/Users/dappe/AppData/Roaming/TinyTeX/texmf-dist/tex/generic/kvsetkeys/kvsetk
eys.sty
Package: kvsetkeys 2019/12/15 v1.18 Key value parser (HO)
)
(c:/Users/dappe/AppData/Roaming/TinyTeX/texmf-dist/tex/generic/kvdefinekeys/kvd
efinekeys.sty
Package: kvdefinekeys 2019-12-19 v1.6 Define keys (HO)
)
(c:/Users/dappe/AppData/Roaming/TinyTeX/texmf-dist/tex/generic/pdfescape/pdfesc
ape.sty
Package: pdfescape 2019/12/09 v1.15 Implements pdfTeX's escape features (HO)
)
(c:/Users/dappe/AppData/Roaming/TinyTeX/texmf-dist/tex/latex/hycolor/hycolor.st
y
Package: hycolor 2020-01-27 v1.10 Color options for hyperref/bookmark (HO)
)
(c:/Users/dappe/AppData/Roaming/TinyTeX/texmf-dist/tex/latex/letltxmacro/letltx
macro.sty
Package: letltxmacro 2019/12/03 v1.6 Let assignment for LaTeX macros (HO)
)
(c:/Users/dappe/AppData/Roaming/TinyTeX/texmf-dist/tex/latex/auxhook/auxhook.st
y
Package: auxhook 2019-12-17 v1.6 Hooks for auxiliary files (HO)
)
(c:/Users/dappe/AppData/Roaming/TinyTeX/texmf-dist/tex/latex/kvoptions/kvoption
s.sty
Package: kvoptions 2020-10-07 v3.14 Key value format for package options (HO)
)
\@linkdim=\dimen173
\Hy@linkcounter=\count289
\Hy@pagecounter=\count290

(c:/Users/dappe/AppData/Roaming/TinyTeX/texmf-dist/tex/latex/hyperref/pd1enc.de
f
File: pd1enc.def 2021-06-07 v7.00m Hyperref: PDFDocEncoding definition (HO)
)
(c:/Users/dappe/AppData/Roaming/TinyTeX/texmf-dist/tex/latex/hyperref/hyperref-
langpatches.def
File: hyperref-langpatches.def 2021-06-07 v7.00m Hyperref: patches for babel la
nguages
)
(c:/Users/dappe/AppData/Roaming/TinyTeX/texmf-dist/tex/generic/intcalc/intcalc.
sty
Package: intcalc 2019/12/15 v1.3 Expandable calculations with integers (HO)
)
(c:/Users/dappe/AppData/Roaming/TinyTeX/texmf-dist/tex/generic/etexcmds/etexcmd
s.sty
Package: etexcmds 2019/12/15 v1.7 Avoid name clashes with e-TeX commands (HO)
)
\Hy@SavedSpaceFactor=\count291

(c:/Users/dappe/AppData/Roaming/TinyTeX/texmf-dist/tex/latex/hyperref/puenc.def
File: puenc.def 2021-06-07 v7.00m Hyperref: PDF Unicode definition (HO)
)
Package hyperref Info: Option `unicode' set `true' on input line 4073.
Package hyperref Info: Hyper figures OFF on input line 4192.
Package hyperref Info: Link nesting OFF on input line 4197.
Package hyperref Info: Hyper index ON on input line 4200.
Package hyperref Info: Plain pages OFF on input line 4207.
Package hyperref Info: Backreferencing OFF on input line 4212.
Package hyperref Info: Implicit mode ON; LaTeX internals redefined.
Package hyperref Info: Bookmarks ON on input line 4445.
\c@Hy@tempcnt=\count292
(c:/Users/dappe/AppData/Roaming/TinyTeX/texmf-dist/tex/latex/url/url.sty
\Urlmuskip=\muskip18
Package: url 2013/09/16  ver 3.4  Verb mode for urls, etc.
)
LaTeX Info: Redefining \url on input line 4804.
\XeTeXLinkMargin=\dimen174

(c:/Users/dappe/AppData/Roaming/TinyTeX/texmf-dist/tex/generic/bitset/bitset.st
y
Package: bitset 2019/12/09 v1.3 Handle bit-vector datatype (HO)

(c:/Users/dappe/AppData/Roaming/TinyTeX/texmf-dist/tex/generic/bigintcalc/bigin
tcalc.sty
Package: bigintcalc 2019/12/15 v1.5 Expandable calculations on big integers (HO
)
))
\Fld@menulength=\count293
\Field@Width=\dimen175
\Fld@charsize=\dimen176
Package hyperref Info: Hyper figures OFF on input line 6076.
Package hyperref Info: Link nesting OFF on input line 6081.
Package hyperref Info: Hyper index ON on input line 6084.
Package hyperref Info: backreferencing OFF on input line 6091.
Package hyperref Info: Link coloring OFF on input line 6096.
Package hyperref Info: Link coloring with OCG OFF on input line 6101.
Package hyperref Info: PDF/A mode OFF on input line 6106.
LaTeX Info: Redefining \ref on input line 6146.
LaTeX Info: Redefining \pageref on input line 6150.

(c:/Users/dappe/AppData/Roaming/TinyTeX/texmf-dist/tex/latex/base/atbegshi-ltx.
sty
Package: atbegshi-ltx 2021/01/10 v1.0c Emulation of the original atbegshi
package with kernel methods
)
\Hy@abspage=\count294
\c@Item=\count295
\c@Hfootnote=\count296
)
Package hyperref Info: Driver (autodetected): hxetex.

(c:/Users/dappe/AppData/Roaming/TinyTeX/texmf-dist/tex/latex/hyperref/hxetex.de
f
File: hxetex.def 2021-06-07 v7.00m Hyperref driver for XeTeX

(c:/Users/dappe/AppData/Roaming/TinyTeX/texmf-dist/tex/generic/stringenc/string
enc.sty
Package: stringenc 2019/11/29 v1.12 Convert strings between diff. encodings (HO
)
)
\pdfm@box=\box78
\c@Hy@AnnotLevel=\count297
\HyField@AnnotCount=\count298
\Fld@listcount=\count299
\c@bookmark@seq@number=\count300

(c:/Users/dappe/AppData/Roaming/TinyTeX/texmf-dist/tex/latex/rerunfilecheck/rer
unfilecheck.sty
Package: rerunfilecheck 2019/12/05 v1.9 Rerun checks for auxiliary files (HO)

(c:/Users/dappe/AppData/Roaming/TinyTeX/texmf-dist/tex/latex/base/atveryend-ltx
.sty
Package: atveryend-ltx 2020/08/19 v1.0a Emulation of the original atvery packag
e
with kernel methods
)
(c:/Users/dappe/AppData/Roaming/TinyTeX/texmf-dist/tex/generic/uniquecounter/un
iquecounter.sty
Package: uniquecounter 2019/12/15 v1.4 Provide unlimited unique counter (HO)
)
Package uniquecounter Info: New unique counter `rerunfilecheck' on input line 2
86.
)
\Hy@SectionHShift=\skip80
)
Package hyperref Info: Option `colorlinks' set `true' on input line 59.

(c:/Users/dappe/AppData/Roaming/TinyTeX/texmf-dist/tex/latex/tools/longtable.st
y
Package: longtable 2021-05-07 v4.16 Multi-page Table package (DPC)
\LTleft=\skip81
\LTright=\skip82
\LTpre=\skip83
\LTpost=\skip84
\LTchunksize=\count301
\LTcapwidth=\dimen177
\LT@head=\box79
\LT@firsthead=\box80
\LT@foot=\box81
\LT@lastfoot=\box82
\LT@gbox=\box83
\LT@cols=\count302
\LT@rows=\count303
\c@LT@tables=\count304
\c@LT@chunks=\count305
\LT@p@ftn=\toks22
)
(c:/Users/dappe/AppData/Roaming/TinyTeX/texmf-dist/tex/latex/booktabs/booktabs.
sty
Package: booktabs 2020/01/12 v1.61803398 Publication quality tables
\heavyrulewidth=\dimen178
\lightrulewidth=\dimen179
\cmidrulewidth=\dimen180
\belowrulesep=\dimen181
\belowbottomsep=\dimen182
\aboverulesep=\dimen183
\abovetopsep=\dimen184
\cmidrulesep=\dimen185
\cmidrulekern=\dimen186
\defaultaddspace=\dimen187
\@cmidla=\count306
\@cmidlb=\count307
\@aboverulesep=\dimen188
\@belowrulesep=\dimen189
\@thisruleclass=\count308
\@lastruleclass=\count309
\@thisrulewidth=\dimen190
) (c:/Users/dappe/AppData/Roaming/TinyTeX/texmf-dist/tex/latex/tools/array.sty
Package: array 2021/04/20 v2.5e Tabular extension package (FMi)
\col@sep=\dimen191
\ar@mcellbox=\box84
\extrarowheight=\dimen192
\NC@list=\toks23
\extratabsurround=\skip85
\backup@length=\skip86
\ar@cellbox=\box85
) (c:/Users/dappe/AppData/Roaming/TinyTeX/texmf-dist/tex/latex/tools/calc.sty
Package: calc 2017/05/25 v4.3 Infix arithmetic (KKT,FJ)
\calc@Acount=\count310
\calc@Bcount=\count311
\calc@Adimen=\dimen193
\calc@Bdimen=\dimen194
\calc@Askip=\skip87
\calc@Bskip=\skip88
LaTeX Info: Redefining \setlength on input line 80.
LaTeX Info: Redefining \addtolength on input line 81.
\calc@Ccount=\count312
\calc@Cskip=\skip89
)
(c:/Users/dappe/AppData/Roaming/TinyTeX/texmf-dist/tex/latex/mdwtools/footnote.
sty
Package: footnote 1997/01/28 1.13 Save footnotes around boxes
\fn@notes=\box86
\fn@width=\dimen195
)
(c:/Users/dappe/AppData/Roaming/TinyTeX/texmf-dist/tex/latex/graphics/graphicx.
sty
Package: graphicx 2020/12/05 v1.2c Enhanced LaTeX Graphics (DPC,SPQR)

(c:/Users/dappe/AppData/Roaming/TinyTeX/texmf-dist/tex/latex/graphics/graphics.
sty
Package: graphics 2021/03/04 v1.4d Standard LaTeX Graphics (DPC,SPQR)
(c:/Users/dappe/AppData/Roaming/TinyTeX/texmf-dist/tex/latex/graphics/trig.sty
Package: trig 2016/01/03 v1.10 sin cos tan (DPC)
)
(c:/Users/dappe/AppData/Roaming/TinyTeX/texmf-dist/tex/latex/graphics-cfg/graph
ics.cfg
File: graphics.cfg 2016/06/04 v1.11 sample graphics configuration
)
Package graphics Info: Driver file: xetex.def on input line 107.
)
\Gin@req@height=\dimen196
\Gin@req@width=\dimen197
)
(c:/Users/dappe/AppData/Roaming/TinyTeX/texmf-dist/tex/latex/caption/caption.st
y
Package: caption 2020/10/26 v3.5g Customizing captions (AR)

(c:/Users/dappe/AppData/Roaming/TinyTeX/texmf-dist/tex/latex/caption/caption3.s
ty
Package: caption3 2020/10/21 v2.2e caption3 kernel (AR)
\captionmargin=\dimen198
\captionmargin@=\dimen199
\captionwidth=\dimen256
\caption@tempdima=\dimen257
\caption@indent=\dimen258
\caption@parindent=\dimen259
\caption@hangindent=\dimen260
Package caption Info: Unknown document class (or package),
(caption)             standard defaults will be used.
Package caption Info: \@makecaption = \long macro:#1#2->\vskip \abovecaptionski
p \sbox \@tempboxa {#1: #2}\ifdim \wd \@tempboxa >\hsize {\FigCapFont #1} #2\pa
r \else \global \@minipagefalse {\FigCapFont #1} #2\par \fi \vskip \belowcaptio
nskip  on input line 1139.
)

Package caption Warning: Unknown document class (or package),
(caption)                standard defaults will be used.
See the caption package documentation for explanation.

\c@caption@flags=\count313
\c@continuedfloat=\count314
Package caption Info: hyperref package is loaded.
Package caption Info: longtable package is loaded.

(c:/Users/dappe/AppData/Roaming/TinyTeX/texmf-dist/tex/latex/caption/ltcaption.
sty
Package: ltcaption 2020/05/30 v1.4b longtable captions (AR)
))
(c:/Users/dappe/AppData/Roaming/TinyTeX/texmf-dist/tex/latex/alegreya/Alegreya.
sty
Package: Alegreya 2019/10/12 (Bob Tennent) Supports Alegreya and AlegreyaSC fon
ts for all LaTeX engines. 

(c:/Users/dappe/AppData/Roaming/TinyTeX/texmf-dist/tex/generic/iftex/ifxetex.st
y
Package: ifxetex 2019/10/25 v0.7 ifxetex legacy package. Use iftex instead.
)
(c:/Users/dappe/AppData/Roaming/TinyTeX/texmf-dist/tex/generic/iftex/ifluatex.s
ty
Package: ifluatex 2019/10/25 v1.5 ifluatex legacy package. Use iftex instead.
) (c:/Users/dappe/AppData/Roaming/TinyTeX/texmf-dist/tex/latex/base/textcomp.st
y
Package: textcomp 2020/02/02 v2.0n Standard LaTeX package
)
(c:/Users/dappe/AppData/Roaming/TinyTeX/texmf-dist/tex/latex/xkeyval/xkeyval.st
y
Package: xkeyval 2020/11/20 v2.8 package option processing (HA)

(c:/Users/dappe/AppData/Roaming/TinyTeX/texmf-dist/tex/generic/xkeyval/xkeyval.
tex
(c:/Users/dappe/AppData/Roaming/TinyTeX/texmf-dist/tex/generic/xkeyval/xkvutils
.tex
\XKV@toks=\toks24
\XKV@tempa@toks=\toks25
)
\XKV@depth=\count315
File: xkeyval.tex 2014/12/03 v2.7a key=value parser (HA)
))
Requested font "[Alegreya-Regular.otf]/OT" at 10.99997pt
 -> c:/Users/dappe/AppData/Roaming/TinyTeX/texmf-dist/fonts/opentype/huerta/ale
greya/Alegreya-Regular.otf
Requested font "[Alegreya-Regular.otf]/OT" at 11.00003pt
 -> c:/Users/dappe/AppData/Roaming/TinyTeX/texmf-dist/fonts/opentype/huerta/ale
greya/Alegreya-Regular.otf
Requested font "[Alegreya-Regular.otf]/OT:script=latn;language=dflt;" at 11.000
03pt
 -> c:/Users/dappe/AppData/Roaming/TinyTeX/texmf-dist/fonts/opentype/huerta/ale
greya/Alegreya-Regular.otf
Requested font "[Alegreya-Bold.otf]/OT:script=latn;language=dflt;" at 11.00003p
t
 -> c:/Users/dappe/AppData/Roaming/TinyTeX/texmf-dist/fonts/opentype/huerta/ale
greya/Alegreya-Bold.otf
Requested font "[Alegreya-Italic.otf]/OT:script=latn;language=dflt;" at 11.0000
3pt
 -> c:/Users/dappe/AppData/Roaming/TinyTeX/texmf-dist/fonts/opentype/huerta/ale
greya/Alegreya-Italic.otf
Requested font "[Alegreya-BoldItalic.otf]/OT:script=latn;language=dflt;" at 11.
00003pt
 -> c:/Users/dappe/AppData/Roaming/TinyTeX/texmf-dist/fonts/opentype/huerta/ale
greya/Alegreya-BoldItalic.otf

Package fontspec Info: Font family 'Alegreya(0)' created for font 'Alegreya'
(fontspec)             with options [Ligatures = TeX,Extension = .otf,Scale =
(fontspec)             1,Ligatures=TeX,Scale=1,Numbers =
(fontspec)             {Proportional,Lining},UprightFont =
(fontspec)             *-Regular,ItalicFont = *-Italic,BoldFont =
(fontspec)             *-Bold,BoldItalicFont = *-BoldItalic].
(fontspec)              
(fontspec)              This font family consists of the following NFSS
(fontspec)             series/shapes:
(fontspec)              
(fontspec)             - 'normal' (m/n) with NFSS spec.:
(fontspec)             <->s*[1]"[Alegreya-Regular.otf]/OT:script=latn;language=
dflt;+pnum;+lnum;mapping=tex-text;"
(fontspec)             - 'small caps'  (m/sc) with NFSS spec.:
(fontspec)             <->s*[1]"[Alegreya-Regular.otf]/OT:script=latn;language=
dflt;+pnum;+lnum;+smcp;mapping=tex-text;"
(fontspec)             - 'bold' (b/n) with NFSS spec.:
(fontspec)             <->s*[1]"[Alegreya-Bold.otf]/OT:script=latn;language=dfl
t;+pnum;+lnum;mapping=tex-text;"
(fontspec)             - 'bold small caps'  (b/sc) with NFSS spec.:
(fontspec)             <->s*[1]"[Alegreya-Bold.otf]/OT:script=latn;language=dfl
t;+pnum;+lnum;+smcp;mapping=tex-text;"
(fontspec)             - 'italic' (m/it) with NFSS spec.:
(fontspec)             <->s*[1]"[Alegreya-Italic.otf]/OT:script=latn;language=d
flt;+pnum;+lnum;mapping=tex-text;"
(fontspec)             - 'italic small caps'  (m/scit) with NFSS spec.:
(fontspec)             <->s*[1]"[Alegreya-Italic.otf]/OT:script=latn;language=d
flt;+pnum;+lnum;+smcp;mapping=tex-text;"
(fontspec)             - 'bold italic' (b/it) with NFSS spec.:
(fontspec)             <->s*[1]"[Alegreya-BoldItalic.otf]/OT:script=latn;langua
ge=dflt;+pnum;+lnum;mapping=tex-text;"
(fontspec)             - 'bold italic small caps'  (b/scit) with NFSS spec.:
(fontspec)             <->s*[1]"[Alegreya-BoldItalic.otf]/OT:script=latn;langua
ge=dflt;+pnum;+lnum;+smcp;mapping=tex-text;"


Package fontspec Info: Font family 'Alegreya(1)' created for font 'Alegreya'
(fontspec)             with options [Ligatures = TeX,Extension = .otf,Scale =
(fontspec)             1,Numbers = {Proportional,Lining},UprightFont =
(fontspec)             *-Regular,ItalicFont = *-Italic,BoldFont =
(fontspec)             *-Bold,BoldItalicFont = *-BoldItalic].
(fontspec)              
(fontspec)              This font family consists of the following NFSS
(fontspec)             series/shapes:
(fontspec)              
(fontspec)             - 'normal' (m/n) with NFSS spec.:
(fontspec)             <->s*[1]"[Alegreya-Regular.otf]/OT:script=latn;language=
dflt;+pnum;+lnum;mapping=tex-text;"
(fontspec)             - 'small caps'  (m/sc) with NFSS spec.:
(fontspec)             <->s*[1]"[Alegreya-Regular.otf]/OT:script=latn;language=
dflt;+pnum;+lnum;+smcp;mapping=tex-text;"
(fontspec)             - 'bold' (b/n) with NFSS spec.:
(fontspec)             <->s*[1]"[Alegreya-Bold.otf]/OT:script=latn;language=dfl
t;+pnum;+lnum;mapping=tex-text;"
(fontspec)             - 'bold small caps'  (b/sc) with NFSS spec.:
(fontspec)             <->s*[1]"[Alegreya-Bold.otf]/OT:script=latn;language=dfl
t;+pnum;+lnum;+smcp;mapping=tex-text;"
(fontspec)             - 'italic' (m/it) with NFSS spec.:
(fontspec)             <->s*[1]"[Alegreya-Italic.otf]/OT:script=latn;language=d
flt;+pnum;+lnum;mapping=tex-text;"
(fontspec)             - 'italic small caps'  (m/scit) with NFSS spec.:
(fontspec)             <->s*[1]"[Alegreya-Italic.otf]/OT:script=latn;language=d
flt;+pnum;+lnum;+smcp;mapping=tex-text;"
(fontspec)             - 'bold italic' (b/it) with NFSS spec.:
(fontspec)             <->s*[1]"[Alegreya-BoldItalic.otf]/OT:script=latn;langua
ge=dflt;+pnum;+lnum;mapping=tex-text;"
(fontspec)             - 'bold italic small caps'  (b/scit) with NFSS spec.:
(fontspec)             <->s*[1]"[Alegreya-BoldItalic.otf]/OT:script=latn;langua
ge=dflt;+pnum;+lnum;+smcp;mapping=tex-text;"

LaTeX Font Info:    Overwriting math alphabet `\mathrm' in version `normal'
(Font)                  OT1/lmr/m/n --> TU/Alegreya(1)/m/n on input line 169.
LaTeX Font Info:    Overwriting math alphabet `\mathit' in version `normal'
(Font)                  OT1/lmr/m/it --> TU/Alegreya(1)/m/it on input line 169.

LaTeX Font Info:    Overwriting math alphabet `\mathbf' in version `normal'
(Font)                  OT1/lmr/bx/n --> TU/Alegreya(1)/b/n on input line 169.
LaTeX Font Info:    Font shape `TU/Alegreya(0)/m/n' will be
(Font)              scaled to size 11.0pt on input line 169.
Requested font "[Alegreya-Regular.otf]/OT:script=latn;language=dflt;+pnum;+lnum
;mapping=tex-text;" at 11.0pt
 -> c:/Users/dappe/AppData/Roaming/TinyTeX/texmf-dist/fonts/opentype/huerta/ale
greya/Alegreya-Regular.otf

Package fontspec Info: Font family 'Alegreya(2)' created for font 'Alegreya'
(fontspec)             with options [Ligatures = TeX,Extension = .otf,Scale =
(fontspec)             1,Numbers = {Proportional,OldStyle},UprightFont =
(fontspec)             *-Regular,ItalicFont = *-Italic,BoldFont =
(fontspec)             *-Bold,BoldItalicFont = *-BoldItalic].
(fontspec)              
(fontspec)              This font family consists of the following NFSS
(fontspec)             series/shapes:
(fontspec)              
(fontspec)             - 'normal' (m/n) with NFSS spec.:
(fontspec)             <->s*[1]"[Alegreya-Regular.otf]/OT:script=latn;language=
dflt;+pnum;+onum;mapping=tex-text;"
(fontspec)             - 'small caps'  (m/sc) with NFSS spec.:
(fontspec)             <->s*[1]"[Alegreya-Regular.otf]/OT:script=latn;language=
dflt;+pnum;+onum;+smcp;mapping=tex-text;"
(fontspec)             - 'bold' (b/n) with NFSS spec.:
(fontspec)             <->s*[1]"[Alegreya-Bold.otf]/OT:script=latn;language=dfl
t;+pnum;+onum;mapping=tex-text;"
(fontspec)             - 'bold small caps'  (b/sc) with NFSS spec.:
(fontspec)             <->s*[1]"[Alegreya-Bold.otf]/OT:script=latn;language=dfl
t;+pnum;+onum;+smcp;mapping=tex-text;"
(fontspec)             - 'italic' (m/it) with NFSS spec.:
(fontspec)             <->s*[1]"[Alegreya-Italic.otf]/OT:script=latn;language=d
flt;+pnum;+onum;mapping=tex-text;"
(fontspec)             - 'italic small caps'  (m/scit) with NFSS spec.:
(fontspec)             <->s*[1]"[Alegreya-Italic.otf]/OT:script=latn;language=d
flt;+pnum;+onum;+smcp;mapping=tex-text;"
(fontspec)             - 'bold italic' (b/it) with NFSS spec.:
(fontspec)             <->s*[1]"[Alegreya-BoldItalic.otf]/OT:script=latn;langua
ge=dflt;+pnum;+onum;mapping=tex-text;"
(fontspec)             - 'bold italic small caps'  (b/scit) with NFSS spec.:
(fontspec)             <->s*[1]"[Alegreya-BoldItalic.otf]/OT:script=latn;langua
ge=dflt;+pnum;+onum;+smcp;mapping=tex-text;"


Package fontspec Info: Font family 'Alegreya(3)' created for font 'Alegreya'
(fontspec)             with options [Ligatures = TeX,Extension = .otf,Scale =
(fontspec)             1,Numbers = {Monospaced,OldStyle},UprightFont =
(fontspec)             *-Regular,ItalicFont = *-Italic,BoldFont =
(fontspec)             *-Bold,BoldItalicFont = *-BoldItalic].
(fontspec)              
(fontspec)              This font family consists of the following NFSS
(fontspec)             series/shapes:
(fontspec)              
(fontspec)             - 'normal' (m/n) with NFSS spec.:
(fontspec)             <->s*[1]"[Alegreya-Regular.otf]/OT:script=latn;language=
dflt;+tnum;+onum;mapping=tex-text;"
(fontspec)             - 'small caps'  (m/sc) with NFSS spec.:
(fontspec)             <->s*[1]"[Alegreya-Regular.otf]/OT:script=latn;language=
dflt;+tnum;+onum;+smcp;mapping=tex-text;"
(fontspec)             - 'bold' (b/n) with NFSS spec.:
(fontspec)             <->s*[1]"[Alegreya-Bold.otf]/OT:script=latn;language=dfl
t;+tnum;+onum;mapping=tex-text;"
(fontspec)             - 'bold small caps'  (b/sc) with NFSS spec.:
(fontspec)             <->s*[1]"[Alegreya-Bold.otf]/OT:script=latn;language=dfl
t;+tnum;+onum;+smcp;mapping=tex-text;"
(fontspec)             - 'italic' (m/it) with NFSS spec.:
(fontspec)             <->s*[1]"[Alegreya-Italic.otf]/OT:script=latn;language=d
flt;+tnum;+onum;mapping=tex-text;"
(fontspec)             - 'italic small caps'  (m/scit) with NFSS spec.:
(fontspec)             <->s*[1]"[Alegreya-Italic.otf]/OT:script=latn;language=d
flt;+tnum;+onum;+smcp;mapping=tex-text;"
(fontspec)             - 'bold italic' (b/it) with NFSS spec.:
(fontspec)             <->s*[1]"[Alegreya-BoldItalic.otf]/OT:script=latn;langua
ge=dflt;+tnum;+onum;mapping=tex-text;"
(fontspec)             - 'bold italic small caps'  (b/scit) with NFSS spec.:
(fontspec)             <->s*[1]"[Alegreya-BoldItalic.otf]/OT:script=latn;langua
ge=dflt;+tnum;+onum;+smcp;mapping=tex-text;"


Package fontspec Info: Font family 'Alegreya(4)' created for font 'Alegreya'
(fontspec)             with options [Ligatures = TeX,Extension = .otf,Scale =
(fontspec)             1,Numbers = {Proportional, OldStyle},UprightFont =
(fontspec)             *-Regular,ItalicFont = *-Italic,BoldFont =
(fontspec)             *-Bold,BoldItalicFont = *-BoldItalic].
(fontspec)              
(fontspec)              This font family consists of the following NFSS
(fontspec)             series/shapes:
(fontspec)              
(fontspec)             - 'normal' (m/n) with NFSS spec.:
(fontspec)             <->s*[1]"[Alegreya-Regular.otf]/OT:script=latn;language=
dflt;+pnum;+onum;mapping=tex-text;"
(fontspec)             - 'small caps'  (m/sc) with NFSS spec.:
(fontspec)             <->s*[1]"[Alegreya-Regular.otf]/OT:script=latn;language=
dflt;+pnum;+onum;+smcp;mapping=tex-text;"
(fontspec)             - 'bold' (b/n) with NFSS spec.:
(fontspec)             <->s*[1]"[Alegreya-Bold.otf]/OT:script=latn;language=dfl
t;+pnum;+onum;mapping=tex-text;"
(fontspec)             - 'bold small caps'  (b/sc) with NFSS spec.:
(fontspec)             <->s*[1]"[Alegreya-Bold.otf]/OT:script=latn;language=dfl
t;+pnum;+onum;+smcp;mapping=tex-text;"
(fontspec)             - 'italic' (m/it) with NFSS spec.:
(fontspec)             <->s*[1]"[Alegreya-Italic.otf]/OT:script=latn;language=d
flt;+pnum;+onum;mapping=tex-text;"
(fontspec)             - 'italic small caps'  (m/scit) with NFSS spec.:
(fontspec)             <->s*[1]"[Alegreya-Italic.otf]/OT:script=latn;language=d
flt;+pnum;+onum;+smcp;mapping=tex-text;"
(fontspec)             - 'bold italic' (b/it) with NFSS spec.:
(fontspec)             <->s*[1]"[Alegreya-BoldItalic.otf]/OT:script=latn;langua
ge=dflt;+pnum;+onum;mapping=tex-text;"
(fontspec)             - 'bold italic small caps'  (b/scit) with NFSS spec.:
(fontspec)             <->s*[1]"[Alegreya-BoldItalic.otf]/OT:script=latn;langua
ge=dflt;+pnum;+onum;+smcp;mapping=tex-text;"


Package fontspec Info: Font family 'Alegreya(5)' created for font 'Alegreya'
(fontspec)             with options [Ligatures = TeX,Extension = .otf,Scale =
(fontspec)             1,Numbers = {Monospaced,Lining},UprightFont =
(fontspec)             *-Regular,ItalicFont = *-Italic,BoldFont =
(fontspec)             *-Bold,BoldItalicFont = *-BoldItalic].
(fontspec)              
(fontspec)              This font family consists of the following NFSS
(fontspec)             series/shapes:
(fontspec)              
(fontspec)             - 'normal' (m/n) with NFSS spec.:
(fontspec)             <->s*[1]"[Alegreya-Regular.otf]/OT:script=latn;language=
dflt;+tnum;+lnum;mapping=tex-text;"
(fontspec)             - 'small caps'  (m/sc) with NFSS spec.:
(fontspec)             <->s*[1]"[Alegreya-Regular.otf]/OT:script=latn;language=
dflt;+tnum;+lnum;+smcp;mapping=tex-text;"
(fontspec)             - 'bold' (b/n) with NFSS spec.:
(fontspec)             <->s*[1]"[Alegreya-Bold.otf]/OT:script=latn;language=dfl
t;+tnum;+lnum;mapping=tex-text;"
(fontspec)             - 'bold small caps'  (b/sc) with NFSS spec.:
(fontspec)             <->s*[1]"[Alegreya-Bold.otf]/OT:script=latn;language=dfl
t;+tnum;+lnum;+smcp;mapping=tex-text;"
(fontspec)             - 'italic' (m/it) with NFSS spec.:
(fontspec)             <->s*[1]"[Alegreya-Italic.otf]/OT:script=latn;language=d
flt;+tnum;+lnum;mapping=tex-text;"
(fontspec)             - 'italic small caps'  (m/scit) with NFSS spec.:
(fontspec)             <->s*[1]"[Alegreya-Italic.otf]/OT:script=latn;language=d
flt;+tnum;+lnum;+smcp;mapping=tex-text;"
(fontspec)             - 'bold italic' (b/it) with NFSS spec.:
(fontspec)             <->s*[1]"[Alegreya-BoldItalic.otf]/OT:script=latn;langua
ge=dflt;+tnum;+lnum;mapping=tex-text;"
(fontspec)             - 'bold italic small caps'  (b/scit) with NFSS spec.:
(fontspec)             <->s*[1]"[Alegreya-BoldItalic.otf]/OT:script=latn;langua
ge=dflt;+tnum;+lnum;+smcp;mapping=tex-text;"

Requested font "[Alegreya-ExtraBold.otf]/OT" at 10.99997pt
 -> c:/Users/dappe/AppData/Roaming/TinyTeX/texmf-dist/fonts/opentype/huerta/ale
greya/Alegreya-ExtraBold.otf
Requested font "[Alegreya-ExtraBold.otf]/OT" at 11.00003pt
 -> c:/Users/dappe/AppData/Roaming/TinyTeX/texmf-dist/fonts/opentype/huerta/ale
greya/Alegreya-ExtraBold.otf
Requested font "[Alegreya-ExtraBold.otf]/OT:script=latn;language=dflt;" at 11.0
0003pt
 -> c:/Users/dappe/AppData/Roaming/TinyTeX/texmf-dist/fonts/opentype/huerta/ale
greya/Alegreya-ExtraBold.otf
Requested font "[Alegreya-ExtraBoldItalic.otf]/OT:script=latn;language=dflt;" a
t 11.00003pt
 -> c:/Users/dappe/AppData/Roaming/TinyTeX/texmf-dist/fonts/opentype/huerta/ale
greya/Alegreya-ExtraBoldItalic.otf

Package fontspec Info: Font family 'Alegreya(6)' created for font 'Alegreya'
(fontspec)             with options [Ligatures = TeX,Extension = .otf,Scale =
(fontspec)             1,Numbers = {Proportional,Lining},UprightFont =
(fontspec)             *-ExtraBold,ItalicFont = *-ExtraBoldItalic,BoldFont =
(fontspec)             *-ExtraBold,BoldItalicFont = *-ExtraBoldItalic].
(fontspec)              
(fontspec)              This font family consists of the following NFSS
(fontspec)             series/shapes:
(fontspec)              
(fontspec)             - 'normal' (m/n) with NFSS spec.:
(fontspec)             <->s*[1]"[Alegreya-ExtraBold.otf]/OT:script=latn;languag
e=dflt;+pnum;+lnum;mapping=tex-text;"
(fontspec)             - 'small caps'  (m/sc) with NFSS spec.:
(fontspec)             <->s*[1]"[Alegreya-ExtraBold.otf]/OT:script=latn;languag
e=dflt;+pnum;+lnum;+smcp;mapping=tex-text;"
(fontspec)             - 'bold' (b/n) with NFSS spec.:
(fontspec)             <->s*[1]"[Alegreya-ExtraBold.otf]/OT:script=latn;languag
e=dflt;+pnum;+lnum;mapping=tex-text;"
(fontspec)             - 'bold small caps'  (b/sc) with NFSS spec.:
(fontspec)             <->s*[1]"[Alegreya-ExtraBold.otf]/OT:script=latn;languag
e=dflt;+pnum;+lnum;+smcp;mapping=tex-text;"
(fontspec)             - 'italic' (m/it) with NFSS spec.:
(fontspec)             <->s*[1]"[Alegreya-ExtraBoldItalic.otf]/OT:script=latn;l
anguage=dflt;+pnum;+lnum;mapping=tex-text;"
(fontspec)             - 'italic small caps'  (m/scit) with NFSS spec.:
(fontspec)             <->s*[1]"[Alegreya-ExtraBoldItalic.otf]/OT:script=latn;l
anguage=dflt;+pnum;+lnum;+smcp;mapping=tex-text;"
(fontspec)             - 'bold italic' (b/it) with NFSS spec.:
(fontspec)             <->s*[1]"[Alegreya-ExtraBoldItalic.otf]/OT:script=latn;l
anguage=dflt;+pnum;+lnum;mapping=tex-text;"
(fontspec)             - 'bold italic small caps'  (b/scit) with NFSS spec.:
(fontspec)             <->s*[1]"[Alegreya-ExtraBoldItalic.otf]/OT:script=latn;l
anguage=dflt;+pnum;+lnum;+smcp;mapping=tex-text;"

Requested font "[Alegreya-Black.otf]/OT" at 10.99997pt
 -> c:/Users/dappe/AppData/Roaming/TinyTeX/texmf-dist/fonts/opentype/huerta/ale
greya/Alegreya-Black.otf
Requested font "[Alegreya-Black.otf]/OT" at 11.00003pt
 -> c:/Users/dappe/AppData/Roaming/TinyTeX/texmf-dist/fonts/opentype/huerta/ale
greya/Alegreya-Black.otf
Requested font "[Alegreya-Black.otf]/OT:script=latn;language=dflt;" at 11.00003
pt
 -> c:/Users/dappe/AppData/Roaming/TinyTeX/texmf-dist/fonts/opentype/huerta/ale
greya/Alegreya-Black.otf
Requested font "[Alegreya-BlackItalic.otf]/OT:script=latn;language=dflt;" at 11
.00003pt
 -> c:/Users/dappe/AppData/Roaming/TinyTeX/texmf-dist/fonts/opentype/huerta/ale
greya/Alegreya-BlackItalic.otf

Package fontspec Info: Font family 'Alegreya(7)' created for font 'Alegreya'
(fontspec)             with options [Ligatures = TeX,Extension = .otf,Scale =
(fontspec)             1,Numbers = {Proportional,Lining},UprightFont =
(fontspec)             *-Black,ItalicFont = *-BlackItalic,BoldFont =
(fontspec)             *-Black,BoldItalicFont = *-BlackItalic].
(fontspec)              
(fontspec)              This font family consists of the following NFSS
(fontspec)             series/shapes:
(fontspec)              
(fontspec)             - 'normal' (m/n) with NFSS spec.:
(fontspec)             <->s*[1]"[Alegreya-Black.otf]/OT:script=latn;language=df
lt;+pnum;+lnum;mapping=tex-text;"
(fontspec)             - 'small caps'  (m/sc) with NFSS spec.:
(fontspec)             <->s*[1]"[Alegreya-Black.otf]/OT:script=latn;language=df
lt;+pnum;+lnum;+smcp;mapping=tex-text;"
(fontspec)             - 'bold' (b/n) with NFSS spec.:
(fontspec)             <->s*[1]"[Alegreya-Black.otf]/OT:script=latn;language=df
lt;+pnum;+lnum;mapping=tex-text;"
(fontspec)             - 'bold small caps'  (b/sc) with NFSS spec.:
(fontspec)             <->s*[1]"[Alegreya-Black.otf]/OT:script=latn;language=df
lt;+pnum;+lnum;+smcp;mapping=tex-text;"
(fontspec)             - 'italic' (m/it) with NFSS spec.:
(fontspec)             <->s*[1]"[Alegreya-BlackItalic.otf]/OT:script=latn;langu
age=dflt;+pnum;+lnum;mapping=tex-text;"
(fontspec)             - 'italic small caps'  (m/scit) with NFSS spec.:
(fontspec)             <->s*[1]"[Alegreya-BlackItalic.otf]/OT:script=latn;langu
age=dflt;+pnum;+lnum;+smcp;mapping=tex-text;"
(fontspec)             - 'bold italic' (b/it) with NFSS spec.:
(fontspec)             <->s*[1]"[Alegreya-BlackItalic.otf]/OT:script=latn;langu
age=dflt;+pnum;+lnum;mapping=tex-text;"
(fontspec)             - 'bold italic small caps'  (b/scit) with NFSS spec.:
(fontspec)             <->s*[1]"[Alegreya-BlackItalic.otf]/OT:script=latn;langu
age=dflt;+pnum;+lnum;+smcp;mapping=tex-text;"

Requested font "[Alegreya-Medium.otf]/OT" at 10.99997pt
 -> c:/Users/dappe/AppData/Roaming/TinyTeX/texmf-dist/fonts/opentype/huerta/ale
greya/Alegreya-Medium.otf
Requested font "[Alegreya-Medium.otf]/OT" at 11.00003pt
 -> c:/Users/dappe/AppData/Roaming/TinyTeX/texmf-dist/fonts/opentype/huerta/ale
greya/Alegreya-Medium.otf
Requested font "[Alegreya-Medium.otf]/OT:script=latn;language=dflt;" at 11.0000
3pt
 -> c:/Users/dappe/AppData/Roaming/TinyTeX/texmf-dist/fonts/opentype/huerta/ale
greya/Alegreya-Medium.otf
Requested font "[Alegreya-MediumItalic.otf]/OT:script=latn;language=dflt;" at 1
1.00003pt
 -> c:/Users/dappe/AppData/Roaming/TinyTeX/texmf-dist/fonts/opentype/huerta/ale
greya/Alegreya-MediumItalic.otf

Package fontspec Info: Font family 'Alegreya(8)' created for font 'Alegreya'
(fontspec)             with options [Ligatures = TeX,Extension = .otf,Scale =
(fontspec)             1,Numbers = {Proportional,Lining},UprightFont =
(fontspec)             *-Medium,ItalicFont = *-MediumItalic,BoldFont =
(fontspec)             *-Medium,BoldItalicFont = *-MediumItalic].
(fontspec)              
(fontspec)              This font family consists of the following NFSS
(fontspec)             series/shapes:
(fontspec)              
(fontspec)             - 'normal' (m/n) with NFSS spec.:
(fontspec)             <->s*[1]"[Alegreya-Medium.otf]/OT:script=latn;language=d
flt;+pnum;+lnum;mapping=tex-text;"
(fontspec)             - 'small caps'  (m/sc) with NFSS spec.:
(fontspec)             <->s*[1]"[Alegreya-Medium.otf]/OT:script=latn;language=d
flt;+pnum;+lnum;+smcp;mapping=tex-text;"
(fontspec)             - 'bold' (b/n) with NFSS spec.:
(fontspec)             <->s*[1]"[Alegreya-Medium.otf]/OT:script=latn;language=d
flt;+pnum;+lnum;mapping=tex-text;"
(fontspec)             - 'bold small caps'  (b/sc) with NFSS spec.:
(fontspec)             <->s*[1]"[Alegreya-Medium.otf]/OT:script=latn;language=d
flt;+pnum;+lnum;+smcp;mapping=tex-text;"
(fontspec)             - 'italic' (m/it) with NFSS spec.:
(fontspec)             <->s*[1]"[Alegreya-MediumItalic.otf]/OT:script=latn;lang
uage=dflt;+pnum;+lnum;mapping=tex-text;"
(fontspec)             - 'italic small caps'  (m/scit) with NFSS spec.:
(fontspec)             <->s*[1]"[Alegreya-MediumItalic.otf]/OT:script=latn;lang
uage=dflt;+pnum;+lnum;+smcp;mapping=tex-text;"
(fontspec)             - 'bold italic' (b/it) with NFSS spec.:
(fontspec)             <->s*[1]"[Alegreya-MediumItalic.otf]/OT:script=latn;lang
uage=dflt;+pnum;+lnum;mapping=tex-text;"
(fontspec)             - 'bold italic small caps'  (b/scit) with NFSS spec.:
(fontspec)             <->s*[1]"[Alegreya-MediumItalic.otf]/OT:script=latn;lang
uage=dflt;+pnum;+lnum;+smcp;mapping=tex-text;"

LaTeX Info: Redefining \textin on input line 294.
)
(c:/Users/dappe/AppData/Roaming/TinyTeX/texmf-dist/tex/latex/sourcecodepro/sour
cecodepro.sty
Package: sourcecodepro 2018/01/13 v2.7 Adobe's Source Code Pro typeface
Requested font "[SourceCodePro-Regular.otf]/OT" at 10.99997pt
 -> c:/Users/dappe/AppData/Roaming/TinyTeX/texmf-dist/fonts/opentype/adobe/sour
cecodepro/SourceCodePro-Regular.otf
Requested font "[SourceCodePro-Regular.otf]/OT" at 11.00003pt
 -> c:/Users/dappe/AppData/Roaming/TinyTeX/texmf-dist/fonts/opentype/adobe/sour
cecodepro/SourceCodePro-Regular.otf
Requested font "[SourceCodePro-Regular.otf]/OT:script=latn;language=dflt;" at 1
1.00003pt
 -> c:/Users/dappe/AppData/Roaming/TinyTeX/texmf-dist/fonts/opentype/adobe/sour
cecodepro/SourceCodePro-Regular.otf
Requested font "[SourceCodePro-Bold.otf]/OT:script=latn;language=dflt;" at 11.0
0003pt
 -> c:/Users/dappe/AppData/Roaming/TinyTeX/texmf-dist/fonts/opentype/adobe/sour
cecodepro/SourceCodePro-Bold.otf
Requested font "[SourceCodePro-RegularIt.otf]/OT:script=latn;language=dflt;" at
 11.00003pt
 -> c:/Users/dappe/AppData/Roaming/TinyTeX/texmf-dist/fonts/opentype/adobe/sour
cecodepro/SourceCodePro-RegularIt.otf
Requested font "[SourceCodePro-BoldIt.otf]/OT:script=latn;language=dflt;" at 11
.00003pt
 -> c:/Users/dappe/AppData/Roaming/TinyTeX/texmf-dist/fonts/opentype/adobe/sour
cecodepro/SourceCodePro-BoldIt.otf

Package fontspec Info: Font family 'SourceCodePro(0)' created for font
(fontspec)             'SourceCodePro' with options [Ligatures =,Numbers
(fontspec)             =,Scale = .7,Extension =
(fontspec)             .otf,WordSpace={1,0,0},HyphenChar=None,PunctuationSpace=
WordSpace,UprightFont
(fontspec)             = *-Regular,ItalicFont = *-RegularIt,BoldFont =
(fontspec)             *-Bold,BoldItalicFont = *-BoldIt].
(fontspec)              
(fontspec)              This font family consists of the following NFSS
(fontspec)             series/shapes:
(fontspec)              
(fontspec)             - 'normal' (m/n) with NFSS spec.:
(fontspec)             <->s*[.7]"[SourceCodePro-Regular.otf]/OT:script=latn;lan
guage=dflt;"
(fontspec)             - 'small caps'  (m/sc) with NFSS spec.: 
(fontspec)             and font adjustment code:
(fontspec)             \fontdimen 2\font =1\fontdimen 2\font \fontdimen 3\font
(fontspec)             =0\fontdimen 3\font \fontdimen 4\font =0\fontdimen
(fontspec)             4\font \fontdimen 7\font =0\fontdimen 2\font
(fontspec)             \tex_hyphenchar:D \font =-1\scan_stop: 
(fontspec)             - 'bold' (b/n) with NFSS spec.:
(fontspec)             <->s*[.7]"[SourceCodePro-Bold.otf]/OT:script=latn;langua
ge=dflt;"
(fontspec)             - 'bold small caps'  (b/sc) with NFSS spec.: 
(fontspec)             and font adjustment code:
(fontspec)             \fontdimen 2\font =1\fontdimen 2\font \fontdimen 3\font
(fontspec)             =0\fontdimen 3\font \fontdimen 4\font =0\fontdimen
(fontspec)             4\font \fontdimen 7\font =0\fontdimen 2\font
(fontspec)             \tex_hyphenchar:D \font =-1\scan_stop: 
(fontspec)             - 'italic' (m/it) with NFSS spec.:
(fontspec)             <->s*[.7]"[SourceCodePro-RegularIt.otf]/OT:script=latn;l
anguage=dflt;"
(fontspec)             - 'italic small caps'  (m/scit) with NFSS spec.: 
(fontspec)             and font adjustment code:
(fontspec)             \fontdimen 2\font =1\fontdimen 2\font \fontdimen 3\font
(fontspec)             =0\fontdimen 3\font \fontdimen 4\font =0\fontdimen
(fontspec)             4\font \fontdimen 7\font =0\fontdimen 2\font
(fontspec)             \tex_hyphenchar:D \font =-1\scan_stop: 
(fontspec)             - 'bold italic' (b/it) with NFSS spec.:
(fontspec)             <->s*[.7]"[SourceCodePro-BoldIt.otf]/OT:script=latn;lang
uage=dflt;"
(fontspec)             - 'bold italic small caps'  (b/scit) with NFSS spec.: 
(fontspec)             and font adjustment code:
(fontspec)             \fontdimen 2\font =1\fontdimen 2\font \fontdimen 3\font
(fontspec)             =0\fontdimen 3\font \fontdimen 4\font =0\fontdimen
(fontspec)             4\font \fontdimen 7\font =0\fontdimen 2\font
(fontspec)             \tex_hyphenchar:D \font =-1\scan_stop: 


Package fontspec Info: Font family 'SourceCodePro(1)' created for font
(fontspec)             'SourceCodePro' with options [Ligatures =,Numbers
(fontspec)             =,Scale = .7,Extension = .otf,UprightFont =
(fontspec)             *-Regular,ItalicFont = *-RegularIt,BoldFont =
(fontspec)             *-Bold,BoldItalicFont = *-BoldIt].
(fontspec)              
(fontspec)              This font family consists of the following NFSS
(fontspec)             series/shapes:
(fontspec)              
(fontspec)             - 'normal' (m/n) with NFSS spec.:
(fontspec)             <->s*[.7]"[SourceCodePro-Regular.otf]/OT:script=latn;lan
guage=dflt;"
(fontspec)             - 'small caps'  (m/sc) with NFSS spec.: 
(fontspec)             - 'bold' (b/n) with NFSS spec.:
(fontspec)             <->s*[.7]"[SourceCodePro-Bold.otf]/OT:script=latn;langua
ge=dflt;"
(fontspec)             - 'bold small caps'  (b/sc) with NFSS spec.: 
(fontspec)             - 'italic' (m/it) with NFSS spec.:
(fontspec)             <->s*[.7]"[SourceCodePro-RegularIt.otf]/OT:script=latn;l
anguage=dflt;"
(fontspec)             - 'italic small caps'  (m/scit) with NFSS spec.: 
(fontspec)             - 'bold italic' (b/it) with NFSS spec.:
(fontspec)             <->s*[.7]"[SourceCodePro-BoldIt.otf]/OT:script=latn;lang
uage=dflt;"
(fontspec)             - 'bold italic small caps'  (b/scit) with NFSS spec.: 

LaTeX Font Info:    Overwriting math alphabet `\mathtt' in version `normal'
(Font)                  OT1/lmtt/m/n --> TU/SourceCodePro(1)/m/n on input line 
121.
LaTeX Font Info:    Overwriting math alphabet `\mathtt' in version `bold'
(Font)                  OT1/lmtt/m/n --> TU/SourceCodePro(1)/b/n on input line 
121.
Requested font "[SourceCodePro-Medium.otf]/OT" at 10.99997pt
 -> c:/Users/dappe/AppData/Roaming/TinyTeX/texmf-dist/fonts/opentype/adobe/sour
cecodepro/SourceCodePro-Medium.otf
Requested font "[SourceCodePro-Medium.otf]/OT" at 11.00003pt
 -> c:/Users/dappe/AppData/Roaming/TinyTeX/texmf-dist/fonts/opentype/adobe/sour
cecodepro/SourceCodePro-Medium.otf
Requested font "[SourceCodePro-Medium.otf]/OT:script=latn;language=dflt;" at 11
.00003pt
 -> c:/Users/dappe/AppData/Roaming/TinyTeX/texmf-dist/fonts/opentype/adobe/sour
cecodepro/SourceCodePro-Medium.otf
Requested font "[SourceCodePro-MediumIt.otf]/OT:script=latn;language=dflt;" at 
11.00003pt
 -> c:/Users/dappe/AppData/Roaming/TinyTeX/texmf-dist/fonts/opentype/adobe/sour
cecodepro/SourceCodePro-MediumIt.otf

Package fontspec Info: Font family 'SourceCodePro(2)' created for font
(fontspec)             'SourceCodePro' with options [Ligatures =,Numbers
(fontspec)             =,Scale = .7,Extension = .otf,UprightFont =
(fontspec)             *-Medium,ItalicFont = *-MediumIt,BoldFont =
(fontspec)             *-Bold,BoldItalicFont = *-BoldIt].
(fontspec)              
(fontspec)              This font family consists of the following NFSS
(fontspec)             series/shapes:
(fontspec)              
(fontspec)             - 'normal' (m/n) with NFSS spec.:
(fontspec)             <->s*[.7]"[SourceCodePro-Medium.otf]/OT:script=latn;lang
uage=dflt;"
(fontspec)             - 'small caps'  (m/sc) with NFSS spec.: 
(fontspec)             - 'bold' (b/n) with NFSS spec.:
(fontspec)             <->s*[.7]"[SourceCodePro-Bold.otf]/OT:script=latn;langua
ge=dflt;"
(fontspec)             - 'bold small caps'  (b/sc) with NFSS spec.: 
(fontspec)             - 'italic' (m/it) with NFSS spec.:
(fontspec)             <->s*[.7]"[SourceCodePro-MediumIt.otf]/OT:script=latn;la
nguage=dflt;"
(fontspec)             - 'italic small caps'  (m/scit) with NFSS spec.: 
(fontspec)             - 'bold italic' (b/it) with NFSS spec.:
(fontspec)             <->s*[.7]"[SourceCodePro-BoldIt.otf]/OT:script=latn;lang
uage=dflt;"
(fontspec)             - 'bold italic small caps'  (b/scit) with NFSS spec.: 

Requested font "[SourceCodePro-Light.otf]/OT" at 10.99997pt
 -> c:/Users/dappe/AppData/Roaming/TinyTeX/texmf-dist/fonts/opentype/adobe/sour
cecodepro/SourceCodePro-Light.otf
Requested font "[SourceCodePro-Light.otf]/OT" at 11.00003pt
 -> c:/Users/dappe/AppData/Roaming/TinyTeX/texmf-dist/fonts/opentype/adobe/sour
cecodepro/SourceCodePro-Light.otf
Requested font "[SourceCodePro-Light.otf]/OT:script=latn;language=dflt;" at 11.
00003pt
 -> c:/Users/dappe/AppData/Roaming/TinyTeX/texmf-dist/fonts/opentype/adobe/sour
cecodepro/SourceCodePro-Light.otf
Requested font "[SourceCodePro-Semibold.otf]/OT:script=latn;language=dflt;" at 
11.00003pt
 -> c:/Users/dappe/AppData/Roaming/TinyTeX/texmf-dist/fonts/opentype/adobe/sour
cecodepro/SourceCodePro-Semibold.otf
Requested font "[SourceCodePro-LightIt.otf]/OT:script=latn;language=dflt;" at 1
1.00003pt
 -> c:/Users/dappe/AppData/Roaming/TinyTeX/texmf-dist/fonts/opentype/adobe/sour
cecodepro/SourceCodePro-LightIt.otf
Requested font "[SourceCodePro-SemiboldIt.otf]/OT:script=latn;language=dflt;" a
t 11.00003pt
 -> c:/Users/dappe/AppData/Roaming/TinyTeX/texmf-dist/fonts/opentype/adobe/sour
cecodepro/SourceCodePro-SemiboldIt.otf

Package fontspec Info: Font family 'SourceCodePro(3)' created for font
(fontspec)             'SourceCodePro' with options [Ligatures =,Numbers
(fontspec)             =,Scale = .7,Extension = .otf,UprightFont =
(fontspec)             *-Light,ItalicFont = *-LightIt,BoldFont =
(fontspec)             *-Semibold,BoldItalicFont = *-SemiboldIt].
(fontspec)              
(fontspec)              This font family consists of the following NFSS
(fontspec)             series/shapes:
(fontspec)              
(fontspec)             - 'normal' (m/n) with NFSS spec.:
(fontspec)             <->s*[.7]"[SourceCodePro-Light.otf]/OT:script=latn;langu
age=dflt;"
(fontspec)             - 'small caps'  (m/sc) with NFSS spec.: 
(fontspec)             - 'bold' (b/n) with NFSS spec.:
(fontspec)             <->s*[.7]"[SourceCodePro-Semibold.otf]/OT:script=latn;la
nguage=dflt;"
(fontspec)             - 'bold small caps'  (b/sc) with NFSS spec.: 
(fontspec)             - 'italic' (m/it) with NFSS spec.:
(fontspec)             <->s*[.7]"[SourceCodePro-LightIt.otf]/OT:script=latn;lan
guage=dflt;"
(fontspec)             - 'italic small caps'  (m/scit) with NFSS spec.: 
(fontspec)             - 'bold italic' (b/it) with NFSS spec.:
(fontspec)             <->s*[.7]"[SourceCodePro-SemiboldIt.otf]/OT:script=latn;
language=dflt;"
(fontspec)             - 'bold italic small caps'  (b/scit) with NFSS spec.: 

Requested font "[SourceCodePro-ExtraLight.otf]/OT" at 10.99997pt
 -> c:/Users/dappe/AppData/Roaming/TinyTeX/texmf-dist/fonts/opentype/adobe/sour
cecodepro/SourceCodePro-ExtraLight.otf
Requested font "[SourceCodePro-ExtraLight.otf]/OT" at 11.00003pt
 -> c:/Users/dappe/AppData/Roaming/TinyTeX/texmf-dist/fonts/opentype/adobe/sour
cecodepro/SourceCodePro-ExtraLight.otf
Requested font "[SourceCodePro-ExtraLight.otf]/OT:script=latn;language=dflt;" a
t 11.00003pt
 -> c:/Users/dappe/AppData/Roaming/TinyTeX/texmf-dist/fonts/opentype/adobe/sour
cecodepro/SourceCodePro-ExtraLight.otf
Requested font "[SourceCodePro-Black.otf]/OT:script=latn;language=dflt;" at 11.
00003pt
 -> c:/Users/dappe/AppData/Roaming/TinyTeX/texmf-dist/fonts/opentype/adobe/sour
cecodepro/SourceCodePro-Black.otf
Requested font "[SourceCodePro-ExtraLightIt.otf]/OT:script=latn;language=dflt;"
 at 11.00003pt
 -> c:/Users/dappe/AppData/Roaming/TinyTeX/texmf-dist/fonts/opentype/adobe/sour
cecodepro/SourceCodePro-ExtraLightIt.otf
Requested font "[SourceCodePro-BlackIt.otf]/OT:script=latn;language=dflt;" at 1
1.00003pt
 -> c:/Users/dappe/AppData/Roaming/TinyTeX/texmf-dist/fonts/opentype/adobe/sour
cecodepro/SourceCodePro-BlackIt.otf

Package fontspec Info: Font family 'SourceCodePro(4)' created for font
(fontspec)             'SourceCodePro' with options [Ligatures =,Numbers
(fontspec)             =,Scale = .7,Extension = .otf,UprightFont =
(fontspec)             *-ExtraLight,ItalicFont = *-ExtraLightIt,BoldFont =
(fontspec)             *-Black,BoldItalicFont = *-BlackIt].
(fontspec)              
(fontspec)              This font family consists of the following NFSS
(fontspec)             series/shapes:
(fontspec)              
(fontspec)             - 'normal' (m/n) with NFSS spec.:
(fontspec)             <->s*[.7]"[SourceCodePro-ExtraLight.otf]/OT:script=latn;
language=dflt;"
(fontspec)             - 'small caps'  (m/sc) with NFSS spec.: 
(fontspec)             - 'bold' (b/n) with NFSS spec.:
(fontspec)             <->s*[.7]"[SourceCodePro-Black.otf]/OT:script=latn;langu
age=dflt;"
(fontspec)             - 'bold small caps'  (b/sc) with NFSS spec.: 
(fontspec)             - 'italic' (m/it) with NFSS spec.:
(fontspec)             <->s*[.7]"[SourceCodePro-ExtraLightIt.otf]/OT:script=lat
n;language=dflt;"
(fontspec)             - 'italic small caps'  (m/scit) with NFSS spec.: 
(fontspec)             - 'bold italic' (b/it) with NFSS spec.:
(fontspec)             <->s*[.7]"[SourceCodePro-BlackIt.otf]/OT:script=latn;lan
guage=dflt;"
(fontspec)             - 'bold italic small caps'  (b/scit) with NFSS spec.: 


Package fontspec Info: Font family 'SourceCodePro(5)' created for font
(fontspec)             'SourceCodePro' with options [Ligatures =,Numbers
(fontspec)             =,Scale = .7,Extension = .otf,Numbers =,UprightFont =
(fontspec)             *-Regular,ItalicFont = *-RegularIt,BoldFont =
(fontspec)             *-Bold,BoldItalicFont = *-BoldIt].
(fontspec)              
(fontspec)              This font family consists of the following NFSS
(fontspec)             series/shapes:
(fontspec)              
(fontspec)             - 'normal' (m/n) with NFSS spec.:
(fontspec)             <->s*[.7]"[SourceCodePro-Regular.otf]/OT:script=latn;lan
guage=dflt;"
(fontspec)             - 'small caps'  (m/sc) with NFSS spec.: 
(fontspec)             - 'bold' (b/n) with NFSS spec.:
(fontspec)             <->s*[.7]"[SourceCodePro-Bold.otf]/OT:script=latn;langua
ge=dflt;"
(fontspec)             - 'bold small caps'  (b/sc) with NFSS spec.: 
(fontspec)             - 'italic' (m/it) with NFSS spec.:
(fontspec)             <->s*[.7]"[SourceCodePro-RegularIt.otf]/OT:script=latn;l
anguage=dflt;"
(fontspec)             - 'italic small caps'  (m/scit) with NFSS spec.: 
(fontspec)             - 'bold italic' (b/it) with NFSS spec.:
(fontspec)             <->s*[.7]"[SourceCodePro-BoldIt.otf]/OT:script=latn;lang
uage=dflt;"
(fontspec)             - 'bold italic small caps'  (b/scit) with NFSS spec.: 

) (c:/Users/dappe/AppData/Roaming/TinyTeX/texmf-dist/tex/latex/framed/framed.st
y
Package: framed 2011/10/22 v 0.96: framed or shaded text with page breaks
\OuterFrameSep=\skip90
\fb@frw=\dimen261
\fb@frh=\dimen262
\FrameRule=\dimen263
\FrameSep=\dimen264
) (c:/Users/dappe/AppData/Roaming/TinyTeX/texmf-dist/tex/latex/base/makeidx.sty
Package: makeidx 2014/09/29 v1.0m Standard LaTeX package
)
\@indexfile=\write3
\openout3 = `_main.idx'.

Writing index file _main.idx
(c:/Users/dappe/AppData/Roaming/TinyTeX/texmf-dist/tex/latex/amscls/amsthm.sty
Package: amsthm 2020/05/29 v2.20.6
\thm@style=\toks26
\thm@bodyfont=\toks27
\thm@headfont=\toks28
\thm@notefont=\toks29
\thm@headpunct=\toks30
\thm@preskip=\skip91
\thm@postskip=\skip92
\thm@headsep=\skip93
\dth@everypar=\toks31
) (c:/Users/dappe/AppData/Roaming/TinyTeX/texmf-dist/tex/latex/natbib/natbib.st
y
Package: natbib 2010/09/13 8.31b (PWD, AO)
\bibhang=\skip94
\bibsep=\skip95
LaTeX Info: Redefining \cite on input line 694.
\c@NAT@ctr=\count316
)
No file _main.aux.
\openout1 = `_main.aux'.

LaTeX Font Info:    Checking defaults for OML/cmm/m/it on input line 198.
LaTeX Font Info:    ... okay on input line 198.
LaTeX Font Info:    Checking defaults for OMS/cmsy/m/n on input line 198.
LaTeX Font Info:    ... okay on input line 198.
LaTeX Font Info:    Checking defaults for OT1/cmr/m/n on input line 198.
LaTeX Font Info:    ... okay on input line 198.
LaTeX Font Info:    Checking defaults for T1/cmr/m/n on input line 198.
LaTeX Font Info:    ... okay on input line 198.
LaTeX Font Info:    Checking defaults for TS1/cmr/m/n on input line 198.
LaTeX Font Info:    ... okay on input line 198.
LaTeX Font Info:    Checking defaults for TU/lmr/m/n on input line 198.
LaTeX Font Info:    ... okay on input line 198.
LaTeX Font Info:    Checking defaults for OMX/cmex/m/n on input line 198.
LaTeX Font Info:    ... okay on input line 198.
LaTeX Font Info:    Checking defaults for U/cmr/m/n on input line 198.
LaTeX Font Info:    ... okay on input line 198.
LaTeX Font Info:    Checking defaults for PD1/pdf/m/n on input line 198.
LaTeX Font Info:    ... okay on input line 198.
LaTeX Font Info:    Checking defaults for PU/pdf/m/n on input line 198.
LaTeX Font Info:    ... okay on input line 198.
LaTeX Font Info:    Font shape `TU/Alegreya(0)/m/n' will be
(Font)              scaled to size 6.0pt on input line 198.
Requested font "[Alegreya-Regular.otf]/OT:script=latn;language=dflt;+pnum;+lnum
;mapping=tex-text;" at 6.0pt
 -> c:/Users/dappe/AppData/Roaming/TinyTeX/texmf-dist/fonts/opentype/huerta/ale
greya/Alegreya-Regular.otf
LaTeX Font Info:    Overwriting math alphabet `\mathsf' in version `normal'
(Font)                  OT1/lmss/m/n --> TU/lmss/m/n on input line 198.
LaTeX Font Info:    Overwriting math alphabet `\mathsf' in version `bold'
(Font)                  OT1/lmss/bx/n --> TU/lmss/b/n on input line 198.
LaTeX Font Info:    Calculating math sizes for size <11> on input line 198.
Requested font "[latinmodern-math.otf]/OT" at 10.99997pt
 -> c:/Users/dappe/AppData/Roaming/TinyTeX/texmf-dist/fonts/opentype/public/lm-
math/latinmodern-math.otf
Requested font "[latinmodern-math.otf]/OT" at 11.00003pt
 -> c:/Users/dappe/AppData/Roaming/TinyTeX/texmf-dist/fonts/opentype/public/lm-
math/latinmodern-math.otf
Requested font "[latinmodern-math.otf]/OT:script=math;language=dflt;" at 11.000
03pt
 -> c:/Users/dappe/AppData/Roaming/TinyTeX/texmf-dist/fonts/opentype/public/lm-
math/latinmodern-math.otf

Package fontspec Info: Font family 'latinmodern-math.otf(0)' created for font
(fontspec)             'latinmodern-math.otf' with options
(fontspec)             [BoldItalicFont={},ItalicFont={},SmallCapsFont={},Script
=Math,BoldFont={latinmodern-math.otf}].
(fontspec)              
(fontspec)              This font family consists of the following NFSS
(fontspec)             series/shapes:
(fontspec)              
(fontspec)             - 'normal' (m/n) with NFSS spec.:
(fontspec)             <->"[latinmodern-math.otf]/OT:script=math;language=dflt;
"
(fontspec)             - 'small caps'  (m/sc) with NFSS spec.: 
(fontspec)             - 'bold' (b/n) with NFSS spec.:
(fontspec)             <->"[latinmodern-math.otf]/OT:script=math;language=dflt;
"
(fontspec)             - 'bold small caps'  (b/sc) with NFSS spec.: 

Requested font "[latinmodern-math.otf]/OT:script=math;language=dflt;" at 11.0pt
 -> c:/Users/dappe/AppData/Roaming/TinyTeX/texmf-dist/fonts/opentype/public/lm-
math/latinmodern-math.otf

Package fontspec Info: Font family 'latinmodern-math.otf(1)' created for font
(fontspec)             'latinmodern-math.otf' with options
(fontspec)             [BoldItalicFont={},ItalicFont={},SmallCapsFont={},Script
=Math,SizeFeatures={{Size=9.35-},{Size=6.6-9.35,Font=latinmodern-math.otf,Style
=MathScript},{Size=-6.6,Font=latinmodern-math.otf,Style=MathScriptScript}},Bold
Font={latinmodern-math.otf}].
(fontspec)              
(fontspec)              This font family consists of the following NFSS
(fontspec)             series/shapes:
(fontspec)              
(fontspec)             - 'normal' (m/n) with NFSS spec.:
(fontspec)             <9.35->"[latinmodern-math.otf]/OT:script=math;language=d
flt;"<6.6-9.35>"[latinmodern-math.otf]/OT:script=math;language=dflt;+ssty=0;"<-
6.6>"[latinmodern-math.otf]/OT:script=math;language=dflt;+ssty=1;"
(fontspec)             - 'small caps'  (m/sc) with NFSS spec.: 
(fontspec)             - 'bold' (b/n) with NFSS spec.:
(fontspec)             <->"[latinmodern-math.otf]/OT:script=math;language=dflt;
"
(fontspec)             - 'bold small caps'  (b/sc) with NFSS spec.: 

LaTeX Font Info:    Encoding `OT1' has changed to `TU' for symbol font
(Font)              `operators' in the math version `normal' on input line 198.

LaTeX Font Info:    Overwriting symbol font `operators' in version `normal'
(Font)                  OT1/lmr/m/n --> TU/latinmodern-math.otf(1)/m/n on input
 line 198.
LaTeX Font Info:    Encoding `OT1' has changed to `TU' for symbol font
(Font)              `operators' in the math version `bold' on input line 198.
LaTeX Font Info:    Overwriting symbol font `operators' in version `bold'
(Font)                  OT1/lmr/bx/n --> TU/latinmodern-math.otf(1)/b/n on inpu
t line 198.

Package fontspec Info: latinmodern-math scale = 1.0001.


Package fontspec Info: latinmodern-math scale = 1.0001.


Package fontspec Info: latinmodern-math scale = 1.0001.


Package fontspec Info: latinmodern-math scale = 1.0001.


Package fontspec Info: latinmodern-math scale = 1.0001.


Package fontspec Info: Font family 'latinmodern-math.otf(2)' created for font
(fontspec)             'latinmodern-math.otf' with options
(fontspec)             [BoldItalicFont={},ItalicFont={},SmallCapsFont={},Script
=Math,SizeFeatures={{Size=9.35-},{Size=6.6-9.35,Font=latinmodern-math.otf,Style
=MathScript},{Size=-6.6,Font=latinmodern-math.otf,Style=MathScriptScript}},Bold
Font={latinmodern-math.otf},ScaleAgain=1.0001,FontAdjustment={\fontdimen
(fontspec)             8\font =7.447pt\relax \fontdimen 9\font =4.334pt\relax
(fontspec)             \fontdimen 10\font =4.884pt\relax \fontdimen 11\font
(fontspec)             =7.546pt\relax \fontdimen 12\font =3.795pt\relax
(fontspec)             \fontdimen 13\font =3.993pt\relax \fontdimen 14\font
(fontspec)             =3.993pt\relax \fontdimen 15\font =3.179pt\relax
(fontspec)             \fontdimen 16\font =2.717pt\relax \fontdimen 17\font
(fontspec)             =2.717pt\relax \fontdimen 18\font =2.75pt\relax
(fontspec)             \fontdimen 19\font =2.2pt\relax \fontdimen 22\font
(fontspec)             =2.75pt\relax \fontdimen 20\font =0pt\relax \fontdimen
(fontspec)             21\font =0pt\relax }].
(fontspec)              
(fontspec)              This font family consists of the following NFSS
(fontspec)             series/shapes:
(fontspec)              
(fontspec)             - 'normal' (m/n) with NFSS spec.:
(fontspec)             <9.35->s*[1.0001]"[latinmodern-math.otf]/OT:script=math;
language=dflt;"<6.6-9.35>s*[1.0001]"[latinmodern-math.otf]/OT:script=math;langu
age=dflt;+ssty=0;"<-6.6>s*[1.0001]"[latinmodern-math.otf]/OT:script=math;langua
ge=dflt;+ssty=1;"
(fontspec)             - 'small caps'  (m/sc) with NFSS spec.: 
(fontspec)             and font adjustment code:
(fontspec)             \fontdimen 8\font =7.447pt\relax \fontdimen 9\font
(fontspec)             =4.334pt\relax \fontdimen 10\font =4.884pt\relax
(fontspec)             \fontdimen 11\font =7.546pt\relax \fontdimen 12\font
(fontspec)             =3.795pt\relax \fontdimen 13\font =3.993pt\relax
(fontspec)             \fontdimen 14\font =3.993pt\relax \fontdimen 15\font
(fontspec)             =3.179pt\relax \fontdimen 16\font =2.717pt\relax
(fontspec)             \fontdimen 17\font =2.717pt\relax \fontdimen 18\font
(fontspec)             =2.75pt\relax \fontdimen 19\font =2.2pt\relax
(fontspec)             \fontdimen 22\font =2.75pt\relax \fontdimen 20\font
(fontspec)             =0pt\relax \fontdimen 21\font =0pt\relax 
(fontspec)             - 'bold' (b/n) with NFSS spec.:
(fontspec)             <->s*[1.0001]"[latinmodern-math.otf]/OT:script=math;lang
uage=dflt;"
(fontspec)             - 'bold small caps'  (b/sc) with NFSS spec.: 
(fontspec)             and font adjustment code:
(fontspec)             \fontdimen 8\font =7.447pt\relax \fontdimen 9\font
(fontspec)             =4.334pt\relax \fontdimen 10\font =4.884pt\relax
(fontspec)             \fontdimen 11\font =7.546pt\relax \fontdimen 12\font
(fontspec)             =3.795pt\relax \fontdimen 13\font =3.993pt\relax
(fontspec)             \fontdimen 14\font =3.993pt\relax \fontdimen 15\font
(fontspec)             =3.179pt\relax \fontdimen 16\font =2.717pt\relax
(fontspec)             \fontdimen 17\font =2.717pt\relax \fontdimen 18\font
(fontspec)             =2.75pt\relax \fontdimen 19\font =2.2pt\relax
(fontspec)             \fontdimen 22\font =2.75pt\relax \fontdimen 20\font
(fontspec)             =0pt\relax \fontdimen 21\font =0pt\relax 

LaTeX Font Info:    Encoding `OMS' has changed to `TU' for symbol font
(Font)              `symbols' in the math version `normal' on input line 198.
LaTeX Font Info:    Overwriting symbol font `symbols' in version `normal'
(Font)                  OMS/lmsy/m/n --> TU/latinmodern-math.otf(2)/m/n on inpu
t line 198.
LaTeX Font Info:    Encoding `OMS' has changed to `TU' for symbol font
(Font)              `symbols' in the math version `bold' on input line 198.
LaTeX Font Info:    Overwriting symbol font `symbols' in version `bold'
(Font)                  OMS/lmsy/b/n --> TU/latinmodern-math.otf(2)/b/n on inpu
t line 198.

Package fontspec Info: latinmodern-math scale = 0.9999.


Package fontspec Info: latinmodern-math scale = 0.9999.


Package fontspec Info: latinmodern-math scale = 0.9999.


Package fontspec Info: latinmodern-math scale = 0.9999.


Package fontspec Info: latinmodern-math scale = 0.9999.


Package fontspec Info: Font family 'latinmodern-math.otf(3)' created for font
(fontspec)             'latinmodern-math.otf' with options
(fontspec)             [BoldItalicFont={},ItalicFont={},SmallCapsFont={},Script
=Math,SizeFeatures={{Size=9.35-},{Size=6.6-9.35,Font=latinmodern-math.otf,Style
=MathScript},{Size=-6.6,Font=latinmodern-math.otf,Style=MathScriptScript}},Bold
Font={latinmodern-math.otf},ScaleAgain=0.9999,FontAdjustment={\fontdimen
(fontspec)             8\font =0.44pt\relax \fontdimen 9\font =2.2pt\relax
(fontspec)             \fontdimen 10\font =1.837pt\relax \fontdimen 11\font
(fontspec)             =1.221pt\relax \fontdimen 12\font =6.6pt\relax
(fontspec)             \fontdimen 13\font =0pt\relax }].
(fontspec)              
(fontspec)              This font family consists of the following NFSS
(fontspec)             series/shapes:
(fontspec)              
(fontspec)             - 'normal' (m/n) with NFSS spec.:
(fontspec)             <9.35->s*[0.9999]"[latinmodern-math.otf]/OT:script=math;
language=dflt;"<6.6-9.35>s*[0.9999]"[latinmodern-math.otf]/OT:script=math;langu
age=dflt;+ssty=0;"<-6.6>s*[0.9999]"[latinmodern-math.otf]/OT:script=math;langua
ge=dflt;+ssty=1;"
(fontspec)             - 'small caps'  (m/sc) with NFSS spec.: 
(fontspec)             and font adjustment code:
(fontspec)             \fontdimen 8\font =0.44pt\relax \fontdimen 9\font
(fontspec)             =2.2pt\relax \fontdimen 10\font =1.837pt\relax
(fontspec)             \fontdimen 11\font =1.221pt\relax \fontdimen 12\font
(fontspec)             =6.6pt\relax \fontdimen 13\font =0pt\relax 
(fontspec)             - 'bold' (b/n) with NFSS spec.:
(fontspec)             <->s*[0.9999]"[latinmodern-math.otf]/OT:script=math;lang
uage=dflt;"
(fontspec)             - 'bold small caps'  (b/sc) with NFSS spec.: 
(fontspec)             and font adjustment code:
(fontspec)             \fontdimen 8\font =0.44pt\relax \fontdimen 9\font
(fontspec)             =2.2pt\relax \fontdimen 10\font =1.837pt\relax
(fontspec)             \fontdimen 11\font =1.221pt\relax \fontdimen 12\font
(fontspec)             =6.6pt\relax \fontdimen 13\font =0pt\relax 

LaTeX Font Info:    Encoding `OMX' has changed to `TU' for symbol font
(Font)              `largesymbols' in the math version `normal' on input line 1
98.
LaTeX Font Info:    Overwriting symbol font `largesymbols' in version `normal'
(Font)                  OMX/lmex/m/n --> TU/latinmodern-math.otf(3)/m/n on inpu
t line 198.
LaTeX Font Info:    Encoding `OMX' has changed to `TU' for symbol font
(Font)              `largesymbols' in the math version `bold' on input line 198
.
LaTeX Font Info:    Overwriting symbol font `largesymbols' in version `bold'
(Font)                  OMX/lmex/m/n --> TU/latinmodern-math.otf(3)/b/n on inpu
t line 198.
Package hyperref Info: Link coloring ON on input line 198.

(c:/Users/dappe/AppData/Roaming/TinyTeX/texmf-dist/tex/latex/hyperref/nameref.s
ty
Package: nameref 2021-04-02 v2.47 Cross-referencing by name of section

(c:/Users/dappe/AppData/Roaming/TinyTeX/texmf-dist/tex/latex/refcount/refcount.
sty
Package: refcount 2019/12/15 v3.6 Data extraction from label references (HO)
)
(c:/Users/dappe/AppData/Roaming/TinyTeX/texmf-dist/tex/generic/gettitlestring/g
ettitlestring.sty
Package: gettitlestring 2019/12/15 v1.6 Cleanup title references (HO)
)
\c@section@level=\count317
)
LaTeX Info: Redefining \ref on input line 198.
LaTeX Info: Redefining \pageref on input line 198.
LaTeX Info: Redefining \nameref on input line 198.
\@outlinefile=\write4
\openout4 = `_main.out'.


Package hyperref Warning: Rerun to get /PageLabels entry.

Package caption Info: Begin \AtBeginDocument code.
Package caption Info: End \AtBeginDocument code.
LaTeX Font Info:    Font shape `TU/Alegreya(0)/m/it' will be
(Font)              scaled to size 10.0pt on input line 200.
Requested font "[Alegreya-Italic.otf]/OT:script=latn;language=dflt;+pnum;+lnum;
mapping=tex-text;" at 10.0pt
 -> c:/Users/dappe/AppData/Roaming/TinyTeX/texmf-dist/fonts/opentype/huerta/ale
greya/Alegreya-Italic.otf
LaTeX Font Info:    Font shape `TU/Alegreya(0)/m/n' will be
(Font)              scaled to size 8.0pt on input line 200.
Requested font "[Alegreya-Regular.otf]/OT:script=latn;language=dflt;+pnum;+lnum
;mapping=tex-text;" at 8.0pt
 -> c:/Users/dappe/AppData/Roaming/TinyTeX/texmf-dist/fonts/opentype/huerta/ale
greya/Alegreya-Regular.otf
LaTeX Font Info:    Font shape `TU/Alegreya(0)/m/sl' in size <24> not available

(Font)              Font shape `TU/Alegreya(0)/m/it' tried instead on input lin
e 200.
LaTeX Font Info:    Font shape `TU/Alegreya(0)/m/it' will be
(Font)              scaled to size 24.0pt on input line 200.
Requested font "[Alegreya-Italic.otf]/OT:script=latn;language=dflt;+pnum;+lnum;
mapping=tex-text;" at 24.0pt
 -> c:/Users/dappe/AppData/Roaming/TinyTeX/texmf-dist/fonts/opentype/huerta/ale
greya/Alegreya-Italic.otf
LaTeX Font Info:    Font shape `TU/Alegreya(0)/b/sl' in size <24> not available

(Font)              Font shape `TU/Alegreya(0)/b/it' tried instead on input lin
e 200.
LaTeX Font Info:    Font shape `TU/Alegreya(0)/b/it' will be
(Font)              scaled to size 24.0pt on input line 200.
Requested font "[Alegreya-BoldItalic.otf]/OT:script=latn;language=dflt;+pnum;+l
num;mapping=tex-text;" at 24.0pt
 -> c:/Users/dappe/AppData/Roaming/TinyTeX/texmf-dist/fonts/opentype/huerta/ale
greya/Alegreya-BoldItalic.otf
LaTeX Font Info:    Font shape `TU/Alegreya(0)/b/sl' in size <12> not available

(Font)              Font shape `TU/Alegreya(0)/b/it' tried instead on input lin
e 200.
LaTeX Font Info:    Font shape `TU/Alegreya(0)/b/it' will be
(Font)              scaled to size 12.0pt on input line 200.
Requested font "[Alegreya-BoldItalic.otf]/OT:script=latn;language=dflt;+pnum;+l
num;mapping=tex-text;" at 12.0pt
 -> c:/Users/dappe/AppData/Roaming/TinyTeX/texmf-dist/fonts/opentype/huerta/ale
greya/Alegreya-BoldItalic.otf

Underfull \vbox (badness 10000) has occurred while \output is active []


Overfull \hbox (336.25pt too wide) has occurred while \output is active
[]
 []


Underfull \vbox (badness 10000) has occurred while \output is active []


Overfull \hbox (336.25pt too wide) has occurred while \output is active
[]
 []


Underfull \vbox (badness 10000) has occurred while \output is active []


Overfull \hbox (336.25pt too wide) has occurred while \output is active
[]
 []


Underfull \vbox (badness 10000) has occurred while \output is active []


Overfull \hbox (336.25pt too wide) has occurred while \output is active
[]
 []


Underfull \hbox (badness 10000) has occurred while \output is active
 [][][][] 
 []

[1



]
Underfull \vbox (badness 10000) has occurred while \output is active []


Overfull \hbox (336.25pt too wide) has occurred while \output is active
[]
 []


Underfull \vbox (badness 10000) has occurred while \output is active []


Overfull \hbox (336.25pt too wide) has occurred while \output is active
[]
 []


Underfull \vbox (badness 10000) has occurred while \output is active []


Overfull \hbox (336.25pt too wide) has occurred while \output is active
[]
 []


Underfull \vbox (badness 10000) has occurred while \output is active []


Overfull \hbox (336.25pt too wide) has occurred while \output is active
[]
 []


Underfull \hbox (badness 10000) has occurred while \output is active
 [][][][] 
 []

[2

]
Underfull \vbox (badness 10000) detected at line 210
 []


Overfull \hbox (336.25pt too wide) detected at line 210
[]
 []


Underfull \vbox (badness 10000) detected at line 210
 []


Overfull \hbox (336.25pt too wide) detected at line 210
[]
 []


Underfull \vbox (badness 10000) detected at line 210
 []


Overfull \hbox (336.25pt too wide) detected at line 210
[]
 []


Underfull \vbox (badness 10000) detected at line 210
 []


Overfull \hbox (336.25pt too wide) detected at line 210
[]
 []


Underfull \hbox (badness 10000) detected at line 210
[]
 []

LaTeX Font Info:    Font shape `TU/Alegreya(0)/m/sl' in size <18> not available

(Font)              Font shape `TU/Alegreya(0)/m/it' tried instead on input lin
e 210.
LaTeX Font Info:    Font shape `TU/Alegreya(0)/m/it' will be
(Font)              scaled to size 18.0pt on input line 210.
Requested font "[Alegreya-Italic.otf]/OT:script=latn;language=dflt;+pnum;+lnum;
mapping=tex-text;" at 18.0pt
 -> c:/Users/dappe/AppData/Roaming/TinyTeX/texmf-dist/fonts/opentype/huerta/ale
greya/Alegreya-Italic.otf
LaTeX Font Info:    Font shape `TU/Alegreya(0)/b/sl' in size <18> not available

(Font)              Font shape `TU/Alegreya(0)/b/it' tried instead on input lin
e 210.
LaTeX Font Info:    Font shape `TU/Alegreya(0)/b/it' will be
(Font)              scaled to size 18.0pt on input line 210.
Requested font "[Alegreya-BoldItalic.otf]/OT:script=latn;language=dflt;+pnum;+l
num;mapping=tex-text;" at 18.0pt
 -> c:/Users/dappe/AppData/Roaming/TinyTeX/texmf-dist/fonts/opentype/huerta/ale
greya/Alegreya-BoldItalic.otf
\tf@toc=\write5
\openout5 = `_main.toc'.


Underfull \hbox (badness 10000) has occurred while \output is active
 [][][][] 
 []

LaTeX Font Info:    Font shape `TU/Alegreya(0)/m/n' will be
(Font)              scaled to size 10.0pt on input line 212.
Requested font "[Alegreya-Regular.otf]/OT:script=latn;language=dflt;+pnum;+lnum
;mapping=tex-text;" at 10.0pt
 -> c:/Users/dappe/AppData/Roaming/TinyTeX/texmf-dist/fonts/opentype/huerta/ale
greya/Alegreya-Regular.otf
[3]
Underfull \vbox (badness 10000) has occurred while \output is active []


Overfull \hbox (336.25pt too wide) has occurred while \output is active
[]
 []


Underfull \vbox (badness 10000) has occurred while \output is active []


Overfull \hbox (336.25pt too wide) has occurred while \output is active
[]
 []


Underfull \vbox (badness 10000) has occurred while \output is active []


Overfull \hbox (336.25pt too wide) has occurred while \output is active
[]
 []


Underfull \vbox (badness 10000) has occurred while \output is active []


Overfull \hbox (336.25pt too wide) has occurred while \output is active
[]
 []


Underfull \hbox (badness 10000) has occurred while \output is active
 [][][][] 
 []

[4

]
Underfull \vbox (badness 10000) detected at line 212
 []


Overfull \hbox (336.25pt too wide) detected at line 212
[]
 []


Underfull \vbox (badness 10000) detected at line 212
 []


Overfull \hbox (336.25pt too wide) detected at line 212
[]
 []


Underfull \vbox (badness 10000) detected at line 212
 []


Overfull \hbox (336.25pt too wide) detected at line 212
[]
 []


Underfull \vbox (badness 10000) detected at line 212
 []


Overfull \hbox (336.25pt too wide) detected at line 212
[]
 []


Underfull \hbox (badness 10000) detected at line 212
[]
 []


Package hyperref Warning: bookmark level for unknown fm defaults to 0.

\tf@lof=\write6
\openout6 = `_main.lof'.

! Illegal unit of measure (pt inserted).
<to be read again> 
                   p
l.213 ...}\includegraphics[width=500px]{img/cover}
                                                   \end{center} 
Here is how much of TeX's memory you used:
 19424 strings out of 478442
 352662 string characters out of 5856508
 816049 words of memory out of 5000000
 39478 multiletter control sequences out of 15000+600000
 404466 words of font info for 84 fonts, out of 8000000 for 9000
 14 hyphenation exceptions out of 8191
 87i,7n,114p,324b,352s stack positions out of 5000i,500n,10000p,200000b,80000s

Output written on _main.pdf (4 pages).
