This is XeTeX, Version 3.141592653-2.6-0.999994 (TeX Live 2022) (preloaded format=xelatex 2022.5.19)  19 MAY 2022 13:07
entering extended mode
 restricted \write18 enabled.
 %&-line parsing enabled.
**fogger_book.tex
(./fogger_book.tex
LaTeX2e <2021-11-15> patch level 1
L3 programming layer <2022-05-04> (./krantz.cls
Document Class: krantz 2005/09/16 v1.4f Standard LaTeX document class
(c:/Users/dappe/AppData/Roaming/TinyTeX/texmf-dist/tex/latex/base/bk11.clo
File: bk11.clo 2021/10/04 v1.4n Standard LaTeX file (size option)
)
\trimheight=\dimen138
\trimwidth=\dimen139
\normaltextheight=\dimen140
\tempa=\dimen141
\tempdimen=\dimen142
\htrim=\dimen143
\vtrimtop=\dimen144
\vtrimbot=\dimen145
\ul@box=\box50
\ur@box=\box51
\ll@box=\box52
\lr@box=\box53
\@cipboxa=\box54
\@cipboxb=\box55
\@ciprulewidth=\dimen146
\c@part=\count181
\c@chapter=\count182
\c@section=\count183
\c@subsection=\count184
\c@subsubsection=\count185
\c@paragraph=\count186
\c@subparagraph=\count187
\secwd=\dimen147
\subsecwd=\dimen148
\subsubsecwd=\dimen149
\c@figure=\count188
\c@table=\count189
\abovecaptionskip=\skip47
\belowcaptionskip=\skip48
\c@numauthors=\count190
\section@toc@skip=\skip49
\SectionTOCWidth=\skip50
\subsection@toc@skip=\skip51
\SubSectionTOCWidth=\skip52
\subsubsection@toc@skip=\skip53
\SubSubSectionTOCWidth=\skip54
\paragraph@toc@skip=\skip55
\ParagraphTOCWidth=\skip56
\subparagraph@toc@skip=\skip57
\@AUonebox=\box56
\@AUtwobox=\box57
\@AUthreebox=\box58
\@AUfourbox=\box59
\@AUaffonebox=\box60
\@AUafftwobox=\box61
\@AUaffthreebox=\box62
\@AUafffourbox=\box63
\@finalAUboxfromone=\box64
\@finalAUboxfromtwo=\box65
\@finalAUboxfromthree=\box66
\@finalAUboxfromfour=\box67
\c@chaptocdepth=\count191
\bibindent=\dimen150
\tempbox=\box68
\nomenwidth=\dimen151
\@tablebox=\box69
\@tabletitlebox=\box70
\@tablewidth=\dimen152
\@tabletitlewidth=\dimen153
\max@tablewidth=\dimen154
\tempbox=\box71
\tempdimen=\dimen155
\tempbox=\box72
\notewidth=\dimen156
\wherebox=\box73
\wherewidth=\dimen157
\listtextleftmargin=\skip58
\listtextleftmarginii=\skip59
\listtextleftmarginiii=\skip60
\listtextrightmargin=\skip61
\listlabelleftskip=\skip62
\listlabelleftskipii=\skip63
\listlabelleftskipiii=\skip64
\abovelistskipi=\skip65
\belowlistskipi=\skip66
\abovelistskipii=\skip67
\belowlistskipii=\skip68
\abovelistskipiii=\skip69
\belowlistskipiii=\skip70
\labelsepi=\skip71
\labelsepii=\skip72
\labelsepiii=\skip73
\itemsepi=\skip74
\itemsepii=\skip75
\itemsepiii=\skip76
\enumdimwd=\dimen158
\enumdim=\dimen159
\concolwidth=\dimen160
\stempbox=\box74
) (c:/Users/dappe/AppData/Roaming/TinyTeX/texmf-dist/tex/latex/amsmath/amsmath.sty
Package: amsmath 2021/10/15 v2.17l AMS math features
\@mathmargin=\skip77
For additional information on amsmath, use the `?' option.
(c:/Users/dappe/AppData/Roaming/TinyTeX/texmf-dist/tex/latex/amsmath/amstext.sty
Package: amstext 2021/08/26 v2.01 AMS text
(c:/Users/dappe/AppData/Roaming/TinyTeX/texmf-dist/tex/latex/amsmath/amsgen.sty
File: amsgen.sty 1999/11/30 v2.0 generic functions
\@emptytoks=\toks16
\ex@=\dimen161
)) (c:/Users/dappe/AppData/Roaming/TinyTeX/texmf-dist/tex/latex/amsmath/amsbsy.sty
Package: amsbsy 1999/11/29 v1.2d Bold Symbols
\pmbraise@=\dimen162
) (c:/Users/dappe/AppData/Roaming/TinyTeX/texmf-dist/tex/latex/amsmath/amsopn.sty
Package: amsopn 2021/08/26 v2.02 operator names
)
\inf@bad=\count192
LaTeX Info: Redefining \frac on input line 234.
\uproot@=\count193
\leftroot@=\count194
LaTeX Info: Redefining \overline on input line 399.
\classnum@=\count195
\DOTSCASE@=\count196
LaTeX Info: Redefining \ldots on input line 496.
LaTeX Info: Redefining \dots on input line 499.
LaTeX Info: Redefining \cdots on input line 620.
\Mathstrutbox@=\box75
\strutbox@=\box76
\big@size=\dimen163
LaTeX Font Info:    Redeclaring font encoding OML on input line 743.
LaTeX Font Info:    Redeclaring font encoding OMS on input line 744.
\macc@depth=\count197
\c@MaxMatrixCols=\count198
\dotsspace@=\muskip16
\c@parentequation=\count199
\dspbrk@lvl=\count266
\tag@help=\toks17
\row@=\count267
\column@=\count268
\maxfields@=\count269
\andhelp@=\toks18
\eqnshift@=\dimen164
\alignsep@=\dimen165
\tagshift@=\dimen166
\tagwidth@=\dimen167
\totwidth@=\dimen168
\lineht@=\dimen169
\@envbody=\toks19
\multlinegap=\skip78
\multlinetaggap=\skip79
\mathdisplay@stack=\toks20
LaTeX Info: Redefining \[ on input line 2938.
LaTeX Info: Redefining \] on input line 2939.
) (c:/Users/dappe/AppData/Roaming/TinyTeX/texmf-dist/tex/latex/amsfonts/amssymb.sty
Package: amssymb 2013/01/14 v3.01 AMS font symbols
(c:/Users/dappe/AppData/Roaming/TinyTeX/texmf-dist/tex/latex/amsfonts/amsfonts.sty
Package: amsfonts 2013/01/14 v3.01 Basic AMSFonts support
\symAMSa=\mathgroup4
\symAMSb=\mathgroup5
LaTeX Font Info:    Redeclaring math symbol \hbar on input line 98.
LaTeX Font Info:    Overwriting math alphabet `\mathfrak' in version `bold'
(Font)                  U/euf/m/n --> U/euf/b/n on input line 106.
)) (c:/Users/dappe/AppData/Roaming/TinyTeX/texmf-dist/tex/latex/lm/lmodern.sty
Package: lmodern 2015/05/01 v1.6.1 Latin Modern Fonts
LaTeX Font Info:    Overwriting symbol font `operators' in version `normal'
(Font)                  OT1/cmr/m/n --> OT1/lmr/m/n on input line 22.
LaTeX Font Info:    Overwriting symbol font `letters' in version `normal'
(Font)                  OML/cmm/m/it --> OML/lmm/m/it on input line 23.
LaTeX Font Info:    Overwriting symbol font `symbols' in version `normal'
(Font)                  OMS/cmsy/m/n --> OMS/lmsy/m/n on input line 24.
LaTeX Font Info:    Overwriting symbol font `largesymbols' in version `normal'
(Font)                  OMX/cmex/m/n --> OMX/lmex/m/n on input line 25.
LaTeX Font Info:    Overwriting symbol font `operators' in version `bold'
(Font)                  OT1/cmr/bx/n --> OT1/lmr/bx/n on input line 26.
LaTeX Font Info:    Overwriting symbol font `letters' in version `bold'
(Font)                  OML/cmm/b/it --> OML/lmm/b/it on input line 27.
LaTeX Font Info:    Overwriting symbol font `symbols' in version `bold'
(Font)                  OMS/cmsy/b/n --> OMS/lmsy/b/n on input line 28.
LaTeX Font Info:    Overwriting symbol font `largesymbols' in version `bold'
(Font)                  OMX/cmex/m/n --> OMX/lmex/m/n on input line 29.
LaTeX Font Info:    Overwriting math alphabet `\mathbf' in version `normal'
(Font)                  OT1/cmr/bx/n --> OT1/lmr/bx/n on input line 31.
LaTeX Font Info:    Overwriting math alphabet `\mathsf' in version `normal'
(Font)                  OT1/cmss/m/n --> OT1/lmss/m/n on input line 32.
LaTeX Font Info:    Overwriting math alphabet `\mathit' in version `normal'
(Font)                  OT1/cmr/m/it --> OT1/lmr/m/it on input line 33.
LaTeX Font Info:    Overwriting math alphabet `\mathtt' in version `normal'
(Font)                  OT1/cmtt/m/n --> OT1/lmtt/m/n on input line 34.
LaTeX Font Info:    Overwriting math alphabet `\mathbf' in version `bold'
(Font)                  OT1/cmr/bx/n --> OT1/lmr/bx/n on input line 35.
LaTeX Font Info:    Overwriting math alphabet `\mathsf' in version `bold'
(Font)                  OT1/cmss/bx/n --> OT1/lmss/bx/n on input line 36.
LaTeX Font Info:    Overwriting math alphabet `\mathit' in version `bold'
(Font)                  OT1/cmr/bx/it --> OT1/lmr/bx/it on input line 37.
LaTeX Font Info:    Overwriting math alphabet `\mathtt' in version `bold'
(Font)                  OT1/cmtt/m/n --> OT1/lmtt/m/n on input line 38.
) (c:/Users/dappe/AppData/Roaming/TinyTeX/texmf-dist/tex/generic/iftex/iftex.sty
Package: iftex 2022/02/03 v1.0f TeX engine tests
) (c:/Users/dappe/AppData/Roaming/TinyTeX/texmf-dist/tex/latex/unicode-math/unicode-math.sty (c:/Users/dappe/AppData/Roaming/TinyTeX/texmf-dist/tex/latex/l3kernel/expl3.sty
Package: expl3 2022-05-04 L3 programming layer (loader) 
(c:/Users/dappe/AppData/Roaming/TinyTeX/texmf-dist/tex/latex/l3backend/l3backend-xetex.def
File: l3backend-xetex.def 2022-04-20 L3 backend support: XeTeX
\g__graphics_track_int=\count270
\l__pdf_internal_box=\box77
\g__pdf_backend_object_int=\count271
\g__pdf_backend_annotation_int=\count272
\g__pdf_backend_link_int=\count273
))
Package: unicode-math 2020/01/31 v0.8q Unicode maths in XeLaTeX and LuaLaTeX
(c:/Users/dappe/AppData/Roaming/TinyTeX/texmf-dist/tex/latex/unicode-math/unicode-math-xetex.sty
Package: unicode-math-xetex 2020/01/31 v0.8q Unicode maths in XeLaTeX and LuaLaTeX
(c:/Users/dappe/AppData/Roaming/TinyTeX/texmf-dist/tex/latex/l3packages/xparse/xparse.sty
Package: xparse 2022-01-12 L3 Experimental document command parser
) (c:/Users/dappe/AppData/Roaming/TinyTeX/texmf-dist/tex/latex/l3packages/l3keys2e/l3keys2e.sty
Package: l3keys2e 2022-01-12 LaTeX2e option processing using LaTeX3 keys
) (c:/Users/dappe/AppData/Roaming/TinyTeX/texmf-dist/tex/latex/fontspec/fontspec.sty
Package: fontspec 2022/01/15 v2.8a Font selection for XeLaTeX and LuaLaTeX
(c:/Users/dappe/AppData/Roaming/TinyTeX/texmf-dist/tex/latex/fontspec/fontspec-xetex.sty
Package: fontspec-xetex 2022/01/15 v2.8a Font selection for XeLaTeX and LuaLaTeX
\l__fontspec_script_int=\count274
\l__fontspec_language_int=\count275
\l__fontspec_strnum_int=\count276
\l__fontspec_tmp_int=\count277
\l__fontspec_tmpa_int=\count278
\l__fontspec_tmpb_int=\count279
\l__fontspec_tmpc_int=\count280
\l__fontspec_em_int=\count281
\l__fontspec_emdef_int=\count282
\l__fontspec_strong_int=\count283
\l__fontspec_strongdef_int=\count284
\l__fontspec_tmpa_dim=\dimen170
\l__fontspec_tmpb_dim=\dimen171
\l__fontspec_tmpc_dim=\dimen172
(c:/Users/dappe/AppData/Roaming/TinyTeX/texmf-dist/tex/latex/base/fontenc.sty
Package: fontenc 2021/04/29 v2.0v Standard LaTeX package
) (c:/Users/dappe/AppData/Roaming/TinyTeX/texmf-dist/tex/latex/fontspec/fontspec.cfg))) (c:/Users/dappe/AppData/Roaming/TinyTeX/texmf-dist/tex/latex/base/fix-cm.sty
Package: fix-cm 2020/11/24 v1.1t fixes to LaTeX
(c:/Users/dappe/AppData/Roaming/TinyTeX/texmf-dist/tex/latex/base/ts1enc.def
File: ts1enc.def 2001/06/05 v3.0e (jk/car/fm) Standard LaTeX file
LaTeX Font Info:    Redeclaring font encoding TS1 on input line 47.
))
\g__um_fam_int=\count285
\g__um_fonts_used_int=\count286
\l__um_primecount_int=\count287
\g__um_primekern_muskip=\muskip17
(c:/Users/dappe/AppData/Roaming/TinyTeX/texmf-dist/tex/latex/unicode-math/unicode-math-table.tex))) (c:/Users/dappe/AppData/Roaming/TinyTeX/texmf-dist/tex/latex/xcolor/xcolor.sty
Package: xcolor 2021/10/31 v2.13 LaTeX color extensions (UK)
(c:/Users/dappe/AppData/Roaming/TinyTeX/texmf-dist/tex/latex/graphics-cfg/color.cfg
File: color.cfg 2016/01/02 v1.6 sample color configuration
)
Package xcolor Info: Driver file: xetex.def on input line 227.
(c:/Users/dappe/AppData/Roaming/TinyTeX/texmf-dist/tex/latex/graphics-def/xetex.def
File: xetex.def 2022/04/16 v5.0m Graphics/color driver for xetex
)
Package xcolor Info: Model `cmy' substituted by `cmy0' on input line 1352.
Package xcolor Info: Model `RGB' extended on input line 1368.
Package xcolor Info: Model `HTML' substituted by `rgb' on input line 1370.
Package xcolor Info: Model `Hsb' substituted by `hsb' on input line 1371.
Package xcolor Info: Model `tHsb' substituted by `hsb' on input line 1372.
Package xcolor Info: Model `HSB' substituted by `hsb' on input line 1373.
Package xcolor Info: Model `Gray' substituted by `gray' on input line 1374.
Package xcolor Info: Model `wave' substituted by `hsb' on input line 1375.
(c:/Users/dappe/AppData/Roaming/TinyTeX/texmf-dist/tex/latex/graphics/dvipsnam.def
File: dvipsnam.def 2016/06/17 v3.0m Driver-dependent file (DPC,SPQR)
) (c:/Users/dappe/AppData/Roaming/TinyTeX/texmf-dist/tex/latex/xcolor/svgnam.def
File: svgnam.def 2021/10/31 v2.13 Predefined colors according to SVG 1.1 (UK)
) (c:/Users/dappe/AppData/Roaming/TinyTeX/texmf-dist/tex/latex/xcolor/x11nam.def
File: x11nam.def 2021/10/31 v2.13 Predefined colors according to Unix/X11 (UK)
)) (c:/Users/dappe/AppData/Roaming/TinyTeX/texmf-dist/tex/latex/tools/longtable.sty
Package: longtable 2021-09-01 v4.17 Multi-page Table package (DPC)
\LTleft=\skip80
\LTright=\skip81
\LTpre=\skip82
\LTpost=\skip83
\LTchunksize=\count288
\LTcapwidth=\dimen173
\LT@head=\box78
\LT@firsthead=\box79
\LT@foot=\box80
\LT@lastfoot=\box81
\LT@gbox=\box82
\LT@cols=\count289
\LT@rows=\count290
\c@LT@tables=\count291
\c@LT@chunks=\count292
\LT@p@ftn=\toks21
) (c:/Users/dappe/AppData/Roaming/TinyTeX/texmf-dist/tex/latex/booktabs/booktabs.sty
Package: booktabs 2020/01/12 v1.61803398 Publication quality tables
\heavyrulewidth=\dimen174
\lightrulewidth=\dimen175
\cmidrulewidth=\dimen176
\belowrulesep=\dimen177
\belowbottomsep=\dimen178
\aboverulesep=\dimen179
\abovetopsep=\dimen180
\cmidrulesep=\dimen181
\cmidrulekern=\dimen182
\defaultaddspace=\dimen183
\@cmidla=\count293
\@cmidlb=\count294
\@aboverulesep=\dimen184
\@belowrulesep=\dimen185
\@thisruleclass=\count295
\@lastruleclass=\count296
\@thisrulewidth=\dimen186
) (c:/Users/dappe/AppData/Roaming/TinyTeX/texmf-dist/tex/latex/tools/array.sty
Package: array 2021/10/04 v2.5f Tabular extension package (FMi)
\col@sep=\dimen187
\ar@mcellbox=\box83
\extrarowheight=\dimen188
\NC@list=\toks22
\extratabsurround=\skip84
\backup@length=\skip85
\ar@cellbox=\box84
) (c:/Users/dappe/AppData/Roaming/TinyTeX/texmf-dist/tex/latex/tools/calc.sty
Package: calc 2017/05/25 v4.3 Infix arithmetic (KKT,FJ)
\calc@Acount=\count297
\calc@Bcount=\count298
\calc@Adimen=\dimen189
\calc@Bdimen=\dimen190
\calc@Askip=\skip86
\calc@Bskip=\skip87
LaTeX Info: Redefining \setlength on input line 80.
LaTeX Info: Redefining \addtolength on input line 81.
\calc@Ccount=\count299
\calc@Cskip=\skip88
) (c:/Users/dappe/AppData/Roaming/TinyTeX/texmf-dist/tex/latex/etoolbox/etoolbox.sty
Package: etoolbox 2020/10/05 v2.5k e-TeX tools for LaTeX (JAW)
\etb@tempcnta=\count300
) (c:/Users/dappe/AppData/Roaming/TinyTeX/texmf-dist/tex/latex/mdwtools/footnote.sty
Package: footnote 1997/01/28 1.13 Save footnotes around boxes
\fn@notes=\box85
\fn@width=\dimen191
)
\cslhangindent=\skip89
\csllabelwidth=\skip90
\cslentryspacingunit=\skip91
(c:/Users/dappe/AppData/Roaming/TinyTeX/texmf-dist/tex/latex/caption/caption.sty
Package: caption 2022/03/01 v3.6b Customizing captions (AR)
(c:/Users/dappe/AppData/Roaming/TinyTeX/texmf-dist/tex/latex/caption/caption3.sty
Package: caption3 2022/03/17 v2.3b caption3 kernel (AR)
(c:/Users/dappe/AppData/Roaming/TinyTeX/texmf-dist/tex/latex/graphics/keyval.sty
Package: keyval 2014/10/28 v1.15 key=value parser (DPC)
\KV@toks@=\toks23
)
\caption@tempdima=\dimen192
\captionmargin=\dimen193
\caption@leftmargin=\dimen194
\caption@rightmargin=\dimen195
\caption@width=\dimen196
\caption@indent=\dimen197
\caption@parindent=\dimen198
\caption@hangindent=\dimen199
Package caption Info: Unknown document class (or package),
(caption)             standard defaults will be used.
Package caption Info: \@makecaption = \long macro:#1#2->\vskip \abovecaptionskip \sbox \@tempboxa {#1: #2}\ifdim \wd \@tempboxa >\hsize {\FigCapFont #1} #2\par \else \global \@minipagefalse {\FigCapFont #1} #2\par \fi \vskip \belowcaptionskip  on input line 1176.
)

Package caption Warning: Unknown document class (or package),
(caption)                standard defaults will be used.
See the caption package documentation for explanation.

\c@caption@flags=\count301
\c@continuedfloat=\count302
Package caption Info: longtable package is loaded.
(c:/Users/dappe/AppData/Roaming/TinyTeX/texmf-dist/tex/latex/caption/ltcaption.sty
Package: ltcaption 2021/01/08 v1.4c longtable captions (AR)
)) (c:/Users/dappe/AppData/Roaming/TinyTeX/texmf-dist/tex/latex/alegreya/Alegreya.sty
Package: Alegreya 2019/10/12 (Bob Tennent) Supports Alegreya and AlegreyaSC fonts for all LaTeX engines. 
(c:/Users/dappe/AppData/Roaming/TinyTeX/texmf-dist/tex/generic/iftex/ifxetex.sty
Package: ifxetex 2019/10/25 v0.7 ifxetex legacy package. Use iftex instead.
) (c:/Users/dappe/AppData/Roaming/TinyTeX/texmf-dist/tex/generic/iftex/ifluatex.sty
Package: ifluatex 2019/10/25 v1.5 ifluatex legacy package. Use iftex instead.
) (c:/Users/dappe/AppData/Roaming/TinyTeX/texmf-dist/tex/latex/base/textcomp.sty
Package: textcomp 2020/02/02 v2.0n Standard LaTeX package
) (c:/Users/dappe/AppData/Roaming/TinyTeX/texmf-dist/tex/latex/xkeyval/xkeyval.sty
Package: xkeyval 2020/11/20 v2.8 package option processing (HA)
(c:/Users/dappe/AppData/Roaming/TinyTeX/texmf-dist/tex/generic/xkeyval/xkeyval.tex (c:/Users/dappe/AppData/Roaming/TinyTeX/texmf-dist/tex/generic/xkeyval/xkvutils.tex
\XKV@toks=\toks24
\XKV@tempa@toks=\toks25
)
\XKV@depth=\count303
File: xkeyval.tex 2014/12/03 v2.7a key=value parser (HA)
))
Requested font "[Alegreya-Regular.otf]/OT" at 10.99997pt
 -> c:/Users/dappe/AppData/Roaming/TinyTeX/texmf-dist/fonts/opentype/huerta/alegreya/Alegreya-Regular.otf
Requested font "[Alegreya-Regular.otf]/OT" at 11.00003pt
 -> c:/Users/dappe/AppData/Roaming/TinyTeX/texmf-dist/fonts/opentype/huerta/alegreya/Alegreya-Regular.otf
Requested font "[Alegreya-Regular.otf]/OT:script=latn;language=dflt;" at 11.00003pt
 -> c:/Users/dappe/AppData/Roaming/TinyTeX/texmf-dist/fonts/opentype/huerta/alegreya/Alegreya-Regular.otf
Requested font "[Alegreya-Bold.otf]/OT:script=latn;language=dflt;" at 11.00003pt
 -> c:/Users/dappe/AppData/Roaming/TinyTeX/texmf-dist/fonts/opentype/huerta/alegreya/Alegreya-Bold.otf
Requested font "[Alegreya-Italic.otf]/OT:script=latn;language=dflt;" at 11.00003pt
 -> c:/Users/dappe/AppData/Roaming/TinyTeX/texmf-dist/fonts/opentype/huerta/alegreya/Alegreya-Italic.otf
Requested font "[Alegreya-BoldItalic.otf]/OT:script=latn;language=dflt;" at 11.00003pt
 -> c:/Users/dappe/AppData/Roaming/TinyTeX/texmf-dist/fonts/opentype/huerta/alegreya/Alegreya-BoldItalic.otf

Package fontspec Info: Font family 'Alegreya(0)' created for font 'Alegreya'
(fontspec)             with options [Ligatures = TeX,Extension = .otf,Scale =
(fontspec)             1,Ligatures=TeX,Scale=1,Numbers =
(fontspec)             {Proportional,Lining},UprightFont =
(fontspec)             *-Regular,ItalicFont = *-Italic,BoldFont =
(fontspec)             *-Bold,BoldItalicFont = *-BoldItalic].
(fontspec)              
(fontspec)              This font family consists of the following NFSS
(fontspec)             series/shapes:
(fontspec)              
(fontspec)             - 'normal' (m/n) with NFSS spec.:
(fontspec)             <->s*[1]"[Alegreya-Regular.otf]/OT:script=latn;language=dflt;+pnum;+lnum;mapping=tex-text;"
(fontspec)             - 'small caps'  (m/sc) with NFSS spec.:
(fontspec)             <->s*[1]"[Alegreya-Regular.otf]/OT:script=latn;language=dflt;+pnum;+lnum;+smcp;mapping=tex-text;"
(fontspec)             - 'bold' (b/n) with NFSS spec.:
(fontspec)             <->s*[1]"[Alegreya-Bold.otf]/OT:script=latn;language=dflt;+pnum;+lnum;mapping=tex-text;"
(fontspec)             - 'bold small caps'  (b/sc) with NFSS spec.:
(fontspec)             <->s*[1]"[Alegreya-Bold.otf]/OT:script=latn;language=dflt;+pnum;+lnum;+smcp;mapping=tex-text;"
(fontspec)             - 'italic' (m/it) with NFSS spec.:
(fontspec)             <->s*[1]"[Alegreya-Italic.otf]/OT:script=latn;language=dflt;+pnum;+lnum;mapping=tex-text;"
(fontspec)             - 'italic small caps'  (m/scit) with NFSS spec.:
(fontspec)             <->s*[1]"[Alegreya-Italic.otf]/OT:script=latn;language=dflt;+pnum;+lnum;+smcp;mapping=tex-text;"
(fontspec)             - 'bold italic' (b/it) with NFSS spec.:
(fontspec)             <->s*[1]"[Alegreya-BoldItalic.otf]/OT:script=latn;language=dflt;+pnum;+lnum;mapping=tex-text;"
(fontspec)             - 'bold italic small caps'  (b/scit) with NFSS spec.:
(fontspec)             <->s*[1]"[Alegreya-BoldItalic.otf]/OT:script=latn;language=dflt;+pnum;+lnum;+smcp;mapping=tex-text;"


Package fontspec Info: Font family 'Alegreya(1)' created for font 'Alegreya'
(fontspec)             with options [Ligatures = TeX,Extension = .otf,Scale =
(fontspec)             1,Numbers = {Proportional,Lining},UprightFont =
(fontspec)             *-Regular,ItalicFont = *-Italic,BoldFont =
(fontspec)             *-Bold,BoldItalicFont = *-BoldItalic].
(fontspec)              
(fontspec)              This font family consists of the following NFSS
(fontspec)             series/shapes:
(fontspec)              
(fontspec)             - 'normal' (m/n) with NFSS spec.:
(fontspec)             <->s*[1]"[Alegreya-Regular.otf]/OT:script=latn;language=dflt;+pnum;+lnum;mapping=tex-text;"
(fontspec)             - 'small caps'  (m/sc) with NFSS spec.:
(fontspec)             <->s*[1]"[Alegreya-Regular.otf]/OT:script=latn;language=dflt;+pnum;+lnum;+smcp;mapping=tex-text;"
(fontspec)             - 'bold' (b/n) with NFSS spec.:
(fontspec)             <->s*[1]"[Alegreya-Bold.otf]/OT:script=latn;language=dflt;+pnum;+lnum;mapping=tex-text;"
(fontspec)             - 'bold small caps'  (b/sc) with NFSS spec.:
(fontspec)             <->s*[1]"[Alegreya-Bold.otf]/OT:script=latn;language=dflt;+pnum;+lnum;+smcp;mapping=tex-text;"
(fontspec)             - 'italic' (m/it) with NFSS spec.:
(fontspec)             <->s*[1]"[Alegreya-Italic.otf]/OT:script=latn;language=dflt;+pnum;+lnum;mapping=tex-text;"
(fontspec)             - 'italic small caps'  (m/scit) with NFSS spec.:
(fontspec)             <->s*[1]"[Alegreya-Italic.otf]/OT:script=latn;language=dflt;+pnum;+lnum;+smcp;mapping=tex-text;"
(fontspec)             - 'bold italic' (b/it) with NFSS spec.:
(fontspec)             <->s*[1]"[Alegreya-BoldItalic.otf]/OT:script=latn;language=dflt;+pnum;+lnum;mapping=tex-text;"
(fontspec)             - 'bold italic small caps'  (b/scit) with NFSS spec.:
(fontspec)             <->s*[1]"[Alegreya-BoldItalic.otf]/OT:script=latn;language=dflt;+pnum;+lnum;+smcp;mapping=tex-text;"

LaTeX Font Info:    Overwriting math alphabet `\mathrm' in version `normal'
(Font)                  OT1/lmr/m/n --> TU/Alegreya(1)/m/n on input line 169.
LaTeX Font Info:    Overwriting math alphabet `\mathit' in version `normal'
(Font)                  OT1/lmr/m/it --> TU/Alegreya(1)/m/it on input line 169.
LaTeX Font Info:    Overwriting math alphabet `\mathbf' in version `normal'
(Font)                  OT1/lmr/bx/n --> TU/Alegreya(1)/b/n on input line 169.
LaTeX Font Info:    Font shape `TU/Alegreya(0)/m/n' will be
(Font)              scaled to size 11.0pt on input line 169.
Requested font "[Alegreya-Regular.otf]/OT:script=latn;language=dflt;+pnum;+lnum;mapping=tex-text;" at 11.0pt
 -> c:/Users/dappe/AppData/Roaming/TinyTeX/texmf-dist/fonts/opentype/huerta/alegreya/Alegreya-Regular.otf

Package fontspec Info: Font family 'Alegreya(2)' created for font 'Alegreya'
(fontspec)             with options [Ligatures = TeX,Extension = .otf,Scale =
(fontspec)             1,Numbers = {Proportional,OldStyle},UprightFont =
(fontspec)             *-Regular,ItalicFont = *-Italic,BoldFont =
(fontspec)             *-Bold,BoldItalicFont = *-BoldItalic].
(fontspec)              
(fontspec)              This font family consists of the following NFSS
(fontspec)             series/shapes:
(fontspec)              
(fontspec)             - 'normal' (m/n) with NFSS spec.:
(fontspec)             <->s*[1]"[Alegreya-Regular.otf]/OT:script=latn;language=dflt;+pnum;+onum;mapping=tex-text;"
(fontspec)             - 'small caps'  (m/sc) with NFSS spec.:
(fontspec)             <->s*[1]"[Alegreya-Regular.otf]/OT:script=latn;language=dflt;+pnum;+onum;+smcp;mapping=tex-text;"
(fontspec)             - 'bold' (b/n) with NFSS spec.:
(fontspec)             <->s*[1]"[Alegreya-Bold.otf]/OT:script=latn;language=dflt;+pnum;+onum;mapping=tex-text;"
(fontspec)             - 'bold small caps'  (b/sc) with NFSS spec.:
(fontspec)             <->s*[1]"[Alegreya-Bold.otf]/OT:script=latn;language=dflt;+pnum;+onum;+smcp;mapping=tex-text;"
(fontspec)             - 'italic' (m/it) with NFSS spec.:
(fontspec)             <->s*[1]"[Alegreya-Italic.otf]/OT:script=latn;language=dflt;+pnum;+onum;mapping=tex-text;"
(fontspec)             - 'italic small caps'  (m/scit) with NFSS spec.:
(fontspec)             <->s*[1]"[Alegreya-Italic.otf]/OT:script=latn;language=dflt;+pnum;+onum;+smcp;mapping=tex-text;"
(fontspec)             - 'bold italic' (b/it) with NFSS spec.:
(fontspec)             <->s*[1]"[Alegreya-BoldItalic.otf]/OT:script=latn;language=dflt;+pnum;+onum;mapping=tex-text;"
(fontspec)             - 'bold italic small caps'  (b/scit) with NFSS spec.:
(fontspec)             <->s*[1]"[Alegreya-BoldItalic.otf]/OT:script=latn;language=dflt;+pnum;+onum;+smcp;mapping=tex-text;"


Package fontspec Info: Font family 'Alegreya(3)' created for font 'Alegreya'
(fontspec)             with options [Ligatures = TeX,Extension = .otf,Scale =
(fontspec)             1,Numbers = {Monospaced,OldStyle},UprightFont =
(fontspec)             *-Regular,ItalicFont = *-Italic,BoldFont =
(fontspec)             *-Bold,BoldItalicFont = *-BoldItalic].
(fontspec)              
(fontspec)              This font family consists of the following NFSS
(fontspec)             series/shapes:
(fontspec)              
(fontspec)             - 'normal' (m/n) with NFSS spec.:
(fontspec)             <->s*[1]"[Alegreya-Regular.otf]/OT:script=latn;language=dflt;+tnum;+onum;mapping=tex-text;"
(fontspec)             - 'small caps'  (m/sc) with NFSS spec.:
(fontspec)             <->s*[1]"[Alegreya-Regular.otf]/OT:script=latn;language=dflt;+tnum;+onum;+smcp;mapping=tex-text;"
(fontspec)             - 'bold' (b/n) with NFSS spec.:
(fontspec)             <->s*[1]"[Alegreya-Bold.otf]/OT:script=latn;language=dflt;+tnum;+onum;mapping=tex-text;"
(fontspec)             - 'bold small caps'  (b/sc) with NFSS spec.:
(fontspec)             <->s*[1]"[Alegreya-Bold.otf]/OT:script=latn;language=dflt;+tnum;+onum;+smcp;mapping=tex-text;"
(fontspec)             - 'italic' (m/it) with NFSS spec.:
(fontspec)             <->s*[1]"[Alegreya-Italic.otf]/OT:script=latn;language=dflt;+tnum;+onum;mapping=tex-text;"
(fontspec)             - 'italic small caps'  (m/scit) with NFSS spec.:
(fontspec)             <->s*[1]"[Alegreya-Italic.otf]/OT:script=latn;language=dflt;+tnum;+onum;+smcp;mapping=tex-text;"
(fontspec)             - 'bold italic' (b/it) with NFSS spec.:
(fontspec)             <->s*[1]"[Alegreya-BoldItalic.otf]/OT:script=latn;language=dflt;+tnum;+onum;mapping=tex-text;"
(fontspec)             - 'bold italic small caps'  (b/scit) with NFSS spec.:
(fontspec)             <->s*[1]"[Alegreya-BoldItalic.otf]/OT:script=latn;language=dflt;+tnum;+onum;+smcp;mapping=tex-text;"


Package fontspec Info: Font family 'Alegreya(4)' created for font 'Alegreya'
(fontspec)             with options [Ligatures = TeX,Extension = .otf,Scale =
(fontspec)             1,Numbers = {Proportional, OldStyle},UprightFont =
(fontspec)             *-Regular,ItalicFont = *-Italic,BoldFont =
(fontspec)             *-Bold,BoldItalicFont = *-BoldItalic].
(fontspec)              
(fontspec)              This font family consists of the following NFSS
(fontspec)             series/shapes:
(fontspec)              
(fontspec)             - 'normal' (m/n) with NFSS spec.:
(fontspec)             <->s*[1]"[Alegreya-Regular.otf]/OT:script=latn;language=dflt;+pnum;+onum;mapping=tex-text;"
(fontspec)             - 'small caps'  (m/sc) with NFSS spec.:
(fontspec)             <->s*[1]"[Alegreya-Regular.otf]/OT:script=latn;language=dflt;+pnum;+onum;+smcp;mapping=tex-text;"
(fontspec)             - 'bold' (b/n) with NFSS spec.:
(fontspec)             <->s*[1]"[Alegreya-Bold.otf]/OT:script=latn;language=dflt;+pnum;+onum;mapping=tex-text;"
(fontspec)             - 'bold small caps'  (b/sc) with NFSS spec.:
(fontspec)             <->s*[1]"[Alegreya-Bold.otf]/OT:script=latn;language=dflt;+pnum;+onum;+smcp;mapping=tex-text;"
(fontspec)             - 'italic' (m/it) with NFSS spec.:
(fontspec)             <->s*[1]"[Alegreya-Italic.otf]/OT:script=latn;language=dflt;+pnum;+onum;mapping=tex-text;"
(fontspec)             - 'italic small caps'  (m/scit) with NFSS spec.:
(fontspec)             <->s*[1]"[Alegreya-Italic.otf]/OT:script=latn;language=dflt;+pnum;+onum;+smcp;mapping=tex-text;"
(fontspec)             - 'bold italic' (b/it) with NFSS spec.:
(fontspec)             <->s*[1]"[Alegreya-BoldItalic.otf]/OT:script=latn;language=dflt;+pnum;+onum;mapping=tex-text;"
(fontspec)             - 'bold italic small caps'  (b/scit) with NFSS spec.:
(fontspec)             <->s*[1]"[Alegreya-BoldItalic.otf]/OT:script=latn;language=dflt;+pnum;+onum;+smcp;mapping=tex-text;"


Package fontspec Info: Font family 'Alegreya(5)' created for font 'Alegreya'
(fontspec)             with options [Ligatures = TeX,Extension = .otf,Scale =
(fontspec)             1,Numbers = {Monospaced,Lining},UprightFont =
(fontspec)             *-Regular,ItalicFont = *-Italic,BoldFont =
(fontspec)             *-Bold,BoldItalicFont = *-BoldItalic].
(fontspec)              
(fontspec)              This font family consists of the following NFSS
(fontspec)             series/shapes:
(fontspec)              
(fontspec)             - 'normal' (m/n) with NFSS spec.:
(fontspec)             <->s*[1]"[Alegreya-Regular.otf]/OT:script=latn;language=dflt;+tnum;+lnum;mapping=tex-text;"
(fontspec)             - 'small caps'  (m/sc) with NFSS spec.:
(fontspec)             <->s*[1]"[Alegreya-Regular.otf]/OT:script=latn;language=dflt;+tnum;+lnum;+smcp;mapping=tex-text;"
(fontspec)             - 'bold' (b/n) with NFSS spec.:
(fontspec)             <->s*[1]"[Alegreya-Bold.otf]/OT:script=latn;language=dflt;+tnum;+lnum;mapping=tex-text;"
(fontspec)             - 'bold small caps'  (b/sc) with NFSS spec.:
(fontspec)             <->s*[1]"[Alegreya-Bold.otf]/OT:script=latn;language=dflt;+tnum;+lnum;+smcp;mapping=tex-text;"
(fontspec)             - 'italic' (m/it) with NFSS spec.:
(fontspec)             <->s*[1]"[Alegreya-Italic.otf]/OT:script=latn;language=dflt;+tnum;+lnum;mapping=tex-text;"
(fontspec)             - 'italic small caps'  (m/scit) with NFSS spec.:
(fontspec)             <->s*[1]"[Alegreya-Italic.otf]/OT:script=latn;language=dflt;+tnum;+lnum;+smcp;mapping=tex-text;"
(fontspec)             - 'bold italic' (b/it) with NFSS spec.:
(fontspec)             <->s*[1]"[Alegreya-BoldItalic.otf]/OT:script=latn;language=dflt;+tnum;+lnum;mapping=tex-text;"
(fontspec)             - 'bold italic small caps'  (b/scit) with NFSS spec.:
(fontspec)             <->s*[1]"[Alegreya-BoldItalic.otf]/OT:script=latn;language=dflt;+tnum;+lnum;+smcp;mapping=tex-text;"

Requested font "[Alegreya-ExtraBold.otf]/OT" at 10.99997pt
 -> c:/Users/dappe/AppData/Roaming/TinyTeX/texmf-dist/fonts/opentype/huerta/alegreya/Alegreya-ExtraBold.otf
Requested font "[Alegreya-ExtraBold.otf]/OT" at 11.00003pt
 -> c:/Users/dappe/AppData/Roaming/TinyTeX/texmf-dist/fonts/opentype/huerta/alegreya/Alegreya-ExtraBold.otf
Requested font "[Alegreya-ExtraBold.otf]/OT:script=latn;language=dflt;" at 11.00003pt
 -> c:/Users/dappe/AppData/Roaming/TinyTeX/texmf-dist/fonts/opentype/huerta/alegreya/Alegreya-ExtraBold.otf
Requested font "[Alegreya-ExtraBoldItalic.otf]/OT:script=latn;language=dflt;" at 11.00003pt
 -> c:/Users/dappe/AppData/Roaming/TinyTeX/texmf-dist/fonts/opentype/huerta/alegreya/Alegreya-ExtraBoldItalic.otf

Package fontspec Info: Font family 'Alegreya(6)' created for font 'Alegreya'
(fontspec)             with options [Ligatures = TeX,Extension = .otf,Scale =
(fontspec)             1,Numbers = {Proportional,Lining},UprightFont =
(fontspec)             *-ExtraBold,ItalicFont = *-ExtraBoldItalic,BoldFont =
(fontspec)             *-ExtraBold,BoldItalicFont = *-ExtraBoldItalic].
(fontspec)              
(fontspec)              This font family consists of the following NFSS
(fontspec)             series/shapes:
(fontspec)              
(fontspec)             - 'normal' (m/n) with NFSS spec.:
(fontspec)             <->s*[1]"[Alegreya-ExtraBold.otf]/OT:script=latn;language=dflt;+pnum;+lnum;mapping=tex-text;"
(fontspec)             - 'small caps'  (m/sc) with NFSS spec.:
(fontspec)             <->s*[1]"[Alegreya-ExtraBold.otf]/OT:script=latn;language=dflt;+pnum;+lnum;+smcp;mapping=tex-text;"
(fontspec)             - 'bold' (b/n) with NFSS spec.:
(fontspec)             <->s*[1]"[Alegreya-ExtraBold.otf]/OT:script=latn;language=dflt;+pnum;+lnum;mapping=tex-text;"
(fontspec)             - 'bold small caps'  (b/sc) with NFSS spec.:
(fontspec)             <->s*[1]"[Alegreya-ExtraBold.otf]/OT:script=latn;language=dflt;+pnum;+lnum;+smcp;mapping=tex-text;"
(fontspec)             - 'italic' (m/it) with NFSS spec.:
(fontspec)             <->s*[1]"[Alegreya-ExtraBoldItalic.otf]/OT:script=latn;language=dflt;+pnum;+lnum;mapping=tex-text;"
(fontspec)             - 'italic small caps'  (m/scit) with NFSS spec.:
(fontspec)             <->s*[1]"[Alegreya-ExtraBoldItalic.otf]/OT:script=latn;language=dflt;+pnum;+lnum;+smcp;mapping=tex-text;"
(fontspec)             - 'bold italic' (b/it) with NFSS spec.:
(fontspec)             <->s*[1]"[Alegreya-ExtraBoldItalic.otf]/OT:script=latn;language=dflt;+pnum;+lnum;mapping=tex-text;"
(fontspec)             - 'bold italic small caps'  (b/scit) with NFSS spec.:
(fontspec)             <->s*[1]"[Alegreya-ExtraBoldItalic.otf]/OT:script=latn;language=dflt;+pnum;+lnum;+smcp;mapping=tex-text;"

Requested font "[Alegreya-Black.otf]/OT" at 10.99997pt
 -> c:/Users/dappe/AppData/Roaming/TinyTeX/texmf-dist/fonts/opentype/huerta/alegreya/Alegreya-Black.otf
Requested font "[Alegreya-Black.otf]/OT" at 11.00003pt
 -> c:/Users/dappe/AppData/Roaming/TinyTeX/texmf-dist/fonts/opentype/huerta/alegreya/Alegreya-Black.otf
Requested font "[Alegreya-Black.otf]/OT:script=latn;language=dflt;" at 11.00003pt
 -> c:/Users/dappe/AppData/Roaming/TinyTeX/texmf-dist/fonts/opentype/huerta/alegreya/Alegreya-Black.otf
Requested font "[Alegreya-BlackItalic.otf]/OT:script=latn;language=dflt;" at 11.00003pt
 -> c:/Users/dappe/AppData/Roaming/TinyTeX/texmf-dist/fonts/opentype/huerta/alegreya/Alegreya-BlackItalic.otf

Package fontspec Info: Font family 'Alegreya(7)' created for font 'Alegreya'
(fontspec)             with options [Ligatures = TeX,Extension = .otf,Scale =
(fontspec)             1,Numbers = {Proportional,Lining},UprightFont =
(fontspec)             *-Black,ItalicFont = *-BlackItalic,BoldFont =
(fontspec)             *-Black,BoldItalicFont = *-BlackItalic].
(fontspec)              
(fontspec)              This font family consists of the following NFSS
(fontspec)             series/shapes:
(fontspec)              
(fontspec)             - 'normal' (m/n) with NFSS spec.:
(fontspec)             <->s*[1]"[Alegreya-Black.otf]/OT:script=latn;language=dflt;+pnum;+lnum;mapping=tex-text;"
(fontspec)             - 'small caps'  (m/sc) with NFSS spec.:
(fontspec)             <->s*[1]"[Alegreya-Black.otf]/OT:script=latn;language=dflt;+pnum;+lnum;+smcp;mapping=tex-text;"
(fontspec)             - 'bold' (b/n) with NFSS spec.:
(fontspec)             <->s*[1]"[Alegreya-Black.otf]/OT:script=latn;language=dflt;+pnum;+lnum;mapping=tex-text;"
(fontspec)             - 'bold small caps'  (b/sc) with NFSS spec.:
(fontspec)             <->s*[1]"[Alegreya-Black.otf]/OT:script=latn;language=dflt;+pnum;+lnum;+smcp;mapping=tex-text;"
(fontspec)             - 'italic' (m/it) with NFSS spec.:
(fontspec)             <->s*[1]"[Alegreya-BlackItalic.otf]/OT:script=latn;language=dflt;+pnum;+lnum;mapping=tex-text;"
(fontspec)             - 'italic small caps'  (m/scit) with NFSS spec.:
(fontspec)             <->s*[1]"[Alegreya-BlackItalic.otf]/OT:script=latn;language=dflt;+pnum;+lnum;+smcp;mapping=tex-text;"
(fontspec)             - 'bold italic' (b/it) with NFSS spec.:
(fontspec)             <->s*[1]"[Alegreya-BlackItalic.otf]/OT:script=latn;language=dflt;+pnum;+lnum;mapping=tex-text;"
(fontspec)             - 'bold italic small caps'  (b/scit) with NFSS spec.:
(fontspec)             <->s*[1]"[Alegreya-BlackItalic.otf]/OT:script=latn;language=dflt;+pnum;+lnum;+smcp;mapping=tex-text;"

Requested font "[Alegreya-Medium.otf]/OT" at 10.99997pt
 -> c:/Users/dappe/AppData/Roaming/TinyTeX/texmf-dist/fonts/opentype/huerta/alegreya/Alegreya-Medium.otf
Requested font "[Alegreya-Medium.otf]/OT" at 11.00003pt
 -> c:/Users/dappe/AppData/Roaming/TinyTeX/texmf-dist/fonts/opentype/huerta/alegreya/Alegreya-Medium.otf
Requested font "[Alegreya-Medium.otf]/OT:script=latn;language=dflt;" at 11.00003pt
 -> c:/Users/dappe/AppData/Roaming/TinyTeX/texmf-dist/fonts/opentype/huerta/alegreya/Alegreya-Medium.otf
Requested font "[Alegreya-MediumItalic.otf]/OT:script=latn;language=dflt;" at 11.00003pt
 -> c:/Users/dappe/AppData/Roaming/TinyTeX/texmf-dist/fonts/opentype/huerta/alegreya/Alegreya-MediumItalic.otf

Package fontspec Info: Font family 'Alegreya(8)' created for font 'Alegreya'
(fontspec)             with options [Ligatures = TeX,Extension = .otf,Scale =
(fontspec)             1,Numbers = {Proportional,Lining},UprightFont =
(fontspec)             *-Medium,ItalicFont = *-MediumItalic,BoldFont =
(fontspec)             *-Medium,BoldItalicFont = *-MediumItalic].
(fontspec)              
(fontspec)              This font family consists of the following NFSS
(fontspec)             series/shapes:
(fontspec)              
(fontspec)             - 'normal' (m/n) with NFSS spec.:
(fontspec)             <->s*[1]"[Alegreya-Medium.otf]/OT:script=latn;language=dflt;+pnum;+lnum;mapping=tex-text;"
(fontspec)             - 'small caps'  (m/sc) with NFSS spec.:
(fontspec)             <->s*[1]"[Alegreya-Medium.otf]/OT:script=latn;language=dflt;+pnum;+lnum;+smcp;mapping=tex-text;"
(fontspec)             - 'bold' (b/n) with NFSS spec.:
(fontspec)             <->s*[1]"[Alegreya-Medium.otf]/OT:script=latn;language=dflt;+pnum;+lnum;mapping=tex-text;"
(fontspec)             - 'bold small caps'  (b/sc) with NFSS spec.:
(fontspec)             <->s*[1]"[Alegreya-Medium.otf]/OT:script=latn;language=dflt;+pnum;+lnum;+smcp;mapping=tex-text;"
(fontspec)             - 'italic' (m/it) with NFSS spec.:
(fontspec)             <->s*[1]"[Alegreya-MediumItalic.otf]/OT:script=latn;language=dflt;+pnum;+lnum;mapping=tex-text;"
(fontspec)             - 'italic small caps'  (m/scit) with NFSS spec.:
(fontspec)             <->s*[1]"[Alegreya-MediumItalic.otf]/OT:script=latn;language=dflt;+pnum;+lnum;+smcp;mapping=tex-text;"
(fontspec)             - 'bold italic' (b/it) with NFSS spec.:
(fontspec)             <->s*[1]"[Alegreya-MediumItalic.otf]/OT:script=latn;language=dflt;+pnum;+lnum;mapping=tex-text;"
(fontspec)             - 'bold italic small caps'  (b/scit) with NFSS spec.:
(fontspec)             <->s*[1]"[Alegreya-MediumItalic.otf]/OT:script=latn;language=dflt;+pnum;+lnum;+smcp;mapping=tex-text;"

) (c:/Users/dappe/AppData/Roaming/TinyTeX/texmf-dist/tex/latex/sourcecodepro/sourcecodepro.sty
Package: sourcecodepro 2018/01/13 v2.7 Adobe's Source Code Pro typeface
Requested font "[SourceCodePro-Regular.otf]/OT" at 10.99997pt
 -> c:/Users/dappe/AppData/Roaming/TinyTeX/texmf-dist/fonts/opentype/adobe/sourcecodepro/SourceCodePro-Regular.otf
Requested font "[SourceCodePro-Regular.otf]/OT" at 11.00003pt
 -> c:/Users/dappe/AppData/Roaming/TinyTeX/texmf-dist/fonts/opentype/adobe/sourcecodepro/SourceCodePro-Regular.otf
Requested font "[SourceCodePro-Regular.otf]/OT:script=latn;language=dflt;" at 11.00003pt
 -> c:/Users/dappe/AppData/Roaming/TinyTeX/texmf-dist/fonts/opentype/adobe/sourcecodepro/SourceCodePro-Regular.otf
Requested font "[SourceCodePro-Bold.otf]/OT:script=latn;language=dflt;" at 11.00003pt
 -> c:/Users/dappe/AppData/Roaming/TinyTeX/texmf-dist/fonts/opentype/adobe/sourcecodepro/SourceCodePro-Bold.otf
Requested font "[SourceCodePro-RegularIt.otf]/OT:script=latn;language=dflt;" at 11.00003pt
 -> c:/Users/dappe/AppData/Roaming/TinyTeX/texmf-dist/fonts/opentype/adobe/sourcecodepro/SourceCodePro-RegularIt.otf
Requested font "[SourceCodePro-BoldIt.otf]/OT:script=latn;language=dflt;" at 11.00003pt
 -> c:/Users/dappe/AppData/Roaming/TinyTeX/texmf-dist/fonts/opentype/adobe/sourcecodepro/SourceCodePro-BoldIt.otf

Package fontspec Info: Font family 'SourceCodePro(0)' created for font
(fontspec)             'SourceCodePro' with options [Ligatures =,Numbers
(fontspec)             =,Scale = .7,Extension =
(fontspec)             .otf,WordSpace={1,0,0},HyphenChar=None,PunctuationSpace=WordSpace,UprightFont
(fontspec)             = *-Regular,ItalicFont = *-RegularIt,BoldFont =
(fontspec)             *-Bold,BoldItalicFont = *-BoldIt].
(fontspec)              
(fontspec)              This font family consists of the following NFSS
(fontspec)             series/shapes:
(fontspec)              
(fontspec)             - 'normal' (m/n) with NFSS spec.:
(fontspec)             <->s*[.7]"[SourceCodePro-Regular.otf]/OT:script=latn;language=dflt;"
(fontspec)             - 'small caps'  (m/sc) with NFSS spec.: 
(fontspec)             and font adjustment code:
(fontspec)             \fontdimen 2\font =1\fontdimen 2\font \fontdimen 3\font
(fontspec)             =0\fontdimen 3\font \fontdimen 4\font =0\fontdimen
(fontspec)             4\font \fontdimen 7\font =0\fontdimen 2\font
(fontspec)             \tex_hyphenchar:D \font =-1\scan_stop: 
(fontspec)             - 'bold' (b/n) with NFSS spec.:
(fontspec)             <->s*[.7]"[SourceCodePro-Bold.otf]/OT:script=latn;language=dflt;"
(fontspec)             - 'bold small caps'  (b/sc) with NFSS spec.: 
(fontspec)             and font adjustment code:
(fontspec)             \fontdimen 2\font =1\fontdimen 2\font \fontdimen 3\font
(fontspec)             =0\fontdimen 3\font \fontdimen 4\font =0\fontdimen
(fontspec)             4\font \fontdimen 7\font =0\fontdimen 2\font
(fontspec)             \tex_hyphenchar:D \font =-1\scan_stop: 
(fontspec)             - 'italic' (m/it) with NFSS spec.:
(fontspec)             <->s*[.7]"[SourceCodePro-RegularIt.otf]/OT:script=latn;language=dflt;"
(fontspec)             - 'italic small caps'  (m/scit) with NFSS spec.: 
(fontspec)             and font adjustment code:
(fontspec)             \fontdimen 2\font =1\fontdimen 2\font \fontdimen 3\font
(fontspec)             =0\fontdimen 3\font \fontdimen 4\font =0\fontdimen
(fontspec)             4\font \fontdimen 7\font =0\fontdimen 2\font
(fontspec)             \tex_hyphenchar:D \font =-1\scan_stop: 
(fontspec)             - 'bold italic' (b/it) with NFSS spec.:
(fontspec)             <->s*[.7]"[SourceCodePro-BoldIt.otf]/OT:script=latn;language=dflt;"
(fontspec)             - 'bold italic small caps'  (b/scit) with NFSS spec.: 
(fontspec)             and font adjustment code:
(fontspec)             \fontdimen 2\font =1\fontdimen 2\font \fontdimen 3\font
(fontspec)             =0\fontdimen 3\font \fontdimen 4\font =0\fontdimen
(fontspec)             4\font \fontdimen 7\font =0\fontdimen 2\font
(fontspec)             \tex_hyphenchar:D \font =-1\scan_stop: 


Package fontspec Info: Font family 'SourceCodePro(1)' created for font
(fontspec)             'SourceCodePro' with options [Ligatures =,Numbers
(fontspec)             =,Scale = .7,Extension = .otf,UprightFont =
(fontspec)             *-Regular,ItalicFont = *-RegularIt,BoldFont =
(fontspec)             *-Bold,BoldItalicFont = *-BoldIt].
(fontspec)              
(fontspec)              This font family consists of the following NFSS
(fontspec)             series/shapes:
(fontspec)              
(fontspec)             - 'normal' (m/n) with NFSS spec.:
(fontspec)             <->s*[.7]"[SourceCodePro-Regular.otf]/OT:script=latn;language=dflt;"
(fontspec)             - 'small caps'  (m/sc) with NFSS spec.: 
(fontspec)             - 'bold' (b/n) with NFSS spec.:
(fontspec)             <->s*[.7]"[SourceCodePro-Bold.otf]/OT:script=latn;language=dflt;"
(fontspec)             - 'bold small caps'  (b/sc) with NFSS spec.: 
(fontspec)             - 'italic' (m/it) with NFSS spec.:
(fontspec)             <->s*[.7]"[SourceCodePro-RegularIt.otf]/OT:script=latn;language=dflt;"
(fontspec)             - 'italic small caps'  (m/scit) with NFSS spec.: 
(fontspec)             - 'bold italic' (b/it) with NFSS spec.:
(fontspec)             <->s*[.7]"[SourceCodePro-BoldIt.otf]/OT:script=latn;language=dflt;"
(fontspec)             - 'bold italic small caps'  (b/scit) with NFSS spec.: 

LaTeX Font Info:    Overwriting math alphabet `\mathtt' in version `normal'
(Font)                  OT1/lmtt/m/n --> TU/SourceCodePro(1)/m/n on input line 121.
LaTeX Font Info:    Overwriting math alphabet `\mathtt' in version `bold'
(Font)                  OT1/lmtt/m/n --> TU/SourceCodePro(1)/b/n on input line 121.
Requested font "[SourceCodePro-Medium.otf]/OT" at 10.99997pt
 -> c:/Users/dappe/AppData/Roaming/TinyTeX/texmf-dist/fonts/opentype/adobe/sourcecodepro/SourceCodePro-Medium.otf
Requested font "[SourceCodePro-Medium.otf]/OT" at 11.00003pt
 -> c:/Users/dappe/AppData/Roaming/TinyTeX/texmf-dist/fonts/opentype/adobe/sourcecodepro/SourceCodePro-Medium.otf
Requested font "[SourceCodePro-Medium.otf]/OT:script=latn;language=dflt;" at 11.00003pt
 -> c:/Users/dappe/AppData/Roaming/TinyTeX/texmf-dist/fonts/opentype/adobe/sourcecodepro/SourceCodePro-Medium.otf
Requested font "[SourceCodePro-MediumIt.otf]/OT:script=latn;language=dflt;" at 11.00003pt
 -> c:/Users/dappe/AppData/Roaming/TinyTeX/texmf-dist/fonts/opentype/adobe/sourcecodepro/SourceCodePro-MediumIt.otf

Package fontspec Info: Font family 'SourceCodePro(2)' created for font
(fontspec)             'SourceCodePro' with options [Ligatures =,Numbers
(fontspec)             =,Scale = .7,Extension = .otf,UprightFont =
(fontspec)             *-Medium,ItalicFont = *-MediumIt,BoldFont =
(fontspec)             *-Bold,BoldItalicFont = *-BoldIt].
(fontspec)              
(fontspec)              This font family consists of the following NFSS
(fontspec)             series/shapes:
(fontspec)              
(fontspec)             - 'normal' (m/n) with NFSS spec.:
(fontspec)             <->s*[.7]"[SourceCodePro-Medium.otf]/OT:script=latn;language=dflt;"
(fontspec)             - 'small caps'  (m/sc) with NFSS spec.: 
(fontspec)             - 'bold' (b/n) with NFSS spec.:
(fontspec)             <->s*[.7]"[SourceCodePro-Bold.otf]/OT:script=latn;language=dflt;"
(fontspec)             - 'bold small caps'  (b/sc) with NFSS spec.: 
(fontspec)             - 'italic' (m/it) with NFSS spec.:
(fontspec)             <->s*[.7]"[SourceCodePro-MediumIt.otf]/OT:script=latn;language=dflt;"
(fontspec)             - 'italic small caps'  (m/scit) with NFSS spec.: 
(fontspec)             - 'bold italic' (b/it) with NFSS spec.:
(fontspec)             <->s*[.7]"[SourceCodePro-BoldIt.otf]/OT:script=latn;language=dflt;"
(fontspec)             - 'bold italic small caps'  (b/scit) with NFSS spec.: 

Requested font "[SourceCodePro-Light.otf]/OT" at 10.99997pt
 -> c:/Users/dappe/AppData/Roaming/TinyTeX/texmf-dist/fonts/opentype/adobe/sourcecodepro/SourceCodePro-Light.otf
Requested font "[SourceCodePro-Light.otf]/OT" at 11.00003pt
 -> c:/Users/dappe/AppData/Roaming/TinyTeX/texmf-dist/fonts/opentype/adobe/sourcecodepro/SourceCodePro-Light.otf
Requested font "[SourceCodePro-Light.otf]/OT:script=latn;language=dflt;" at 11.00003pt
 -> c:/Users/dappe/AppData/Roaming/TinyTeX/texmf-dist/fonts/opentype/adobe/sourcecodepro/SourceCodePro-Light.otf
Requested font "[SourceCodePro-Semibold.otf]/OT:script=latn;language=dflt;" at 11.00003pt
 -> c:/Users/dappe/AppData/Roaming/TinyTeX/texmf-dist/fonts/opentype/adobe/sourcecodepro/SourceCodePro-Semibold.otf
Requested font "[SourceCodePro-LightIt.otf]/OT:script=latn;language=dflt;" at 11.00003pt
 -> c:/Users/dappe/AppData/Roaming/TinyTeX/texmf-dist/fonts/opentype/adobe/sourcecodepro/SourceCodePro-LightIt.otf
Requested font "[SourceCodePro-SemiboldIt.otf]/OT:script=latn;language=dflt;" at 11.00003pt
 -> c:/Users/dappe/AppData/Roaming/TinyTeX/texmf-dist/fonts/opentype/adobe/sourcecodepro/SourceCodePro-SemiboldIt.otf

Package fontspec Info: Font family 'SourceCodePro(3)' created for font
(fontspec)             'SourceCodePro' with options [Ligatures =,Numbers
(fontspec)             =,Scale = .7,Extension = .otf,UprightFont =
(fontspec)             *-Light,ItalicFont = *-LightIt,BoldFont =
(fontspec)             *-Semibold,BoldItalicFont = *-SemiboldIt].
(fontspec)              
(fontspec)              This font family consists of the following NFSS
(fontspec)             series/shapes:
(fontspec)              
(fontspec)             - 'normal' (m/n) with NFSS spec.:
(fontspec)             <->s*[.7]"[SourceCodePro-Light.otf]/OT:script=latn;language=dflt;"
(fontspec)             - 'small caps'  (m/sc) with NFSS spec.: 
(fontspec)             - 'bold' (b/n) with NFSS spec.:
(fontspec)             <->s*[.7]"[SourceCodePro-Semibold.otf]/OT:script=latn;language=dflt;"
(fontspec)             - 'bold small caps'  (b/sc) with NFSS spec.: 
(fontspec)             - 'italic' (m/it) with NFSS spec.:
(fontspec)             <->s*[.7]"[SourceCodePro-LightIt.otf]/OT:script=latn;language=dflt;"
(fontspec)             - 'italic small caps'  (m/scit) with NFSS spec.: 
(fontspec)             - 'bold italic' (b/it) with NFSS spec.:
(fontspec)             <->s*[.7]"[SourceCodePro-SemiboldIt.otf]/OT:script=latn;language=dflt;"
(fontspec)             - 'bold italic small caps'  (b/scit) with NFSS spec.: 

Requested font "[SourceCodePro-ExtraLight.otf]/OT" at 10.99997pt
 -> c:/Users/dappe/AppData/Roaming/TinyTeX/texmf-dist/fonts/opentype/adobe/sourcecodepro/SourceCodePro-ExtraLight.otf
Requested font "[SourceCodePro-ExtraLight.otf]/OT" at 11.00003pt
 -> c:/Users/dappe/AppData/Roaming/TinyTeX/texmf-dist/fonts/opentype/adobe/sourcecodepro/SourceCodePro-ExtraLight.otf
Requested font "[SourceCodePro-ExtraLight.otf]/OT:script=latn;language=dflt;" at 11.00003pt
 -> c:/Users/dappe/AppData/Roaming/TinyTeX/texmf-dist/fonts/opentype/adobe/sourcecodepro/SourceCodePro-ExtraLight.otf
Requested font "[SourceCodePro-Black.otf]/OT:script=latn;language=dflt;" at 11.00003pt
 -> c:/Users/dappe/AppData/Roaming/TinyTeX/texmf-dist/fonts/opentype/adobe/sourcecodepro/SourceCodePro-Black.otf
Requested font "[SourceCodePro-ExtraLightIt.otf]/OT:script=latn;language=dflt;" at 11.00003pt
 -> c:/Users/dappe/AppData/Roaming/TinyTeX/texmf-dist/fonts/opentype/adobe/sourcecodepro/SourceCodePro-ExtraLightIt.otf
Requested font "[SourceCodePro-BlackIt.otf]/OT:script=latn;language=dflt;" at 11.00003pt
 -> c:/Users/dappe/AppData/Roaming/TinyTeX/texmf-dist/fonts/opentype/adobe/sourcecodepro/SourceCodePro-BlackIt.otf

Package fontspec Info: Font family 'SourceCodePro(4)' created for font
(fontspec)             'SourceCodePro' with options [Ligatures =,Numbers
(fontspec)             =,Scale = .7,Extension = .otf,UprightFont =
(fontspec)             *-ExtraLight,ItalicFont = *-ExtraLightIt,BoldFont =
(fontspec)             *-Black,BoldItalicFont = *-BlackIt].
(fontspec)              
(fontspec)              This font family consists of the following NFSS
(fontspec)             series/shapes:
(fontspec)              
(fontspec)             - 'normal' (m/n) with NFSS spec.:
(fontspec)             <->s*[.7]"[SourceCodePro-ExtraLight.otf]/OT:script=latn;language=dflt;"
(fontspec)             - 'small caps'  (m/sc) with NFSS spec.: 
(fontspec)             - 'bold' (b/n) with NFSS spec.:
(fontspec)             <->s*[.7]"[SourceCodePro-Black.otf]/OT:script=latn;language=dflt;"
(fontspec)             - 'bold small caps'  (b/sc) with NFSS spec.: 
(fontspec)             - 'italic' (m/it) with NFSS spec.:
(fontspec)             <->s*[.7]"[SourceCodePro-ExtraLightIt.otf]/OT:script=latn;language=dflt;"
(fontspec)             - 'italic small caps'  (m/scit) with NFSS spec.: 
(fontspec)             - 'bold italic' (b/it) with NFSS spec.:
(fontspec)             <->s*[.7]"[SourceCodePro-BlackIt.otf]/OT:script=latn;language=dflt;"
(fontspec)             - 'bold italic small caps'  (b/scit) with NFSS spec.: 


Package fontspec Info: Font family 'SourceCodePro(5)' created for font
(fontspec)             'SourceCodePro' with options [Ligatures =,Numbers
(fontspec)             =,Scale = .7,Extension = .otf,Numbers =,UprightFont =
(fontspec)             *-Regular,ItalicFont = *-RegularIt,BoldFont =
(fontspec)             *-Bold,BoldItalicFont = *-BoldIt].
(fontspec)              
(fontspec)              This font family consists of the following NFSS
(fontspec)             series/shapes:
(fontspec)              
(fontspec)             - 'normal' (m/n) with NFSS spec.:
(fontspec)             <->s*[.7]"[SourceCodePro-Regular.otf]/OT:script=latn;language=dflt;"
(fontspec)             - 'small caps'  (m/sc) with NFSS spec.: 
(fontspec)             - 'bold' (b/n) with NFSS spec.:
(fontspec)             <->s*[.7]"[SourceCodePro-Bold.otf]/OT:script=latn;language=dflt;"
(fontspec)             - 'bold small caps'  (b/sc) with NFSS spec.: 
(fontspec)             - 'italic' (m/it) with NFSS spec.:
(fontspec)             <->s*[.7]"[SourceCodePro-RegularIt.otf]/OT:script=latn;language=dflt;"
(fontspec)             - 'italic small caps'  (m/scit) with NFSS spec.: 
(fontspec)             - 'bold italic' (b/it) with NFSS spec.:
(fontspec)             <->s*[.7]"[SourceCodePro-BoldIt.otf]/OT:script=latn;language=dflt;"
(fontspec)             - 'bold italic small caps'  (b/scit) with NFSS spec.: 

) (c:/Users/dappe/AppData/Roaming/TinyTeX/texmf-dist/tex/latex/framed/framed.sty
Package: framed 2011/10/22 v 0.96: framed or shaded text with page breaks
\OuterFrameSep=\skip92
\fb@frw=\dimen256
\fb@frh=\dimen257
\FrameRule=\dimen258
\FrameSep=\dimen259
)

! LaTeX Error: Command \href undefined.

See the LaTeX manual or LaTeX Companion for explanation.
Type  H <return>  for immediate help.
 ...                                              
                                                  
l.92 \renewcommand{\href}
                         [2]{#2\footnote{\url{#1}}} 
Here is how much of TeX's memory you used:
 12193 strings out of 478132
 251175 string characters out of 5851317
 669698 words of memory out of 5000000
 32718 multiletter control sequences out of 15000+600000
 469603 words of font info for 71 fonts, out of 8000000 for 9000
 14 hyphenation exceptions out of 8191
 86i,0n,113p,374b,259s stack positions out of 10000i,1000n,20000p,200000b,200000s

No pages of output.
